{"meta": {"format": 3, "version": "7.13.5", "timestamp": "2026-05-10T13:46:17.696227", "branch_coverage": false, "show_contexts": false}, "files": {"resume_tailorator/__main__.py": {"executed_lines": [], "summary": {"covered_lines": 0, "num_statements": 3, "percent_covered": 0.0, "percent_covered_display": "0", "missing_lines": 3, "excluded_lines": 0, "percent_statements_covered": 0.0, "percent_statements_covered_display": "0"}, "missing_lines": [1, 3, 4], "excluded_lines": [], "functions": {"": {"executed_lines": [], "summary": {"covered_lines": 0, "num_statements": 3, "percent_covered": 0.0, "percent_covered_display": "0", "missing_lines": 3, "excluded_lines": 0, "percent_statements_covered": 0.0, "percent_statements_covered_display": "0"}, "missing_lines": [1, 3, 4], "excluded_lines": [], "start_line": 1}}, "classes": {"": {"executed_lines": [], "summary": {"covered_lines": 0, "num_statements": 3, "percent_covered": 0.0, "percent_covered_display": "0", "missing_lines": 3, "excluded_lines": 0, "percent_statements_covered": 0.0, "percent_statements_covered_display": "0"}, "missing_lines": [1, 3, 4], "excluded_lines": [], "start_line": 1}}}, "resume_tailorator/main.py": {"executed_lines": [3, 4, 5, 6, 7, 8, 9, 11, 12, 13, 15, 16, 17, 18, 25, 26, 30, 36, 37, 39, 40, 41, 44, 48, 49, 52, 54, 55, 56, 59, 61, 62, 68, 69, 70, 71, 74, 77, 79, 80, 82, 83, 85, 86, 88, 90, 93, 94, 102, 111, 112, 113, 114, 115, 116, 119, 120, 124, 125, 126, 129, 131, 135, 139, 145, 146, 147, 150, 151, 152, 153, 155, 156, 159, 160, 163, 165, 166, 167, 169, 170, 171, 173, 176, 188, 190, 191, 192, 194, 203, 204, 207, 208, 209, 210, 211, 216, 225, 226, 231, 232, 234, 244, 245, 251, 252, 253, 255, 256, 257, 259, 260, 262, 263, 265, 266, 267, 268, 274, 277, 288, 289, 292, 294, 295, 296, 297, 299, 301, 302, 303, 305, 306, 307, 308, 309, 310, 311, 312, 313, 321, 322, 323, 328, 330, 335, 336, 337, 338, 339, 340, 341, 344, 345, 351, 352, 356, 358, 359, 360, 366, 367, 368, 369, 370, 371, 372, 376, 382, 383, 386, 387, 390, 392, 404, 405, 406, 407, 408, 412, 413, 414, 416, 418, 419, 423, 432, 433, 434, 435, 444, 447, 448, 471, 485, 497, 499, 500, 501, 503, 504, 505, 506, 508, 513, 514, 515, 516, 517, 520, 521, 523, 524, 525, 526, 527, 528, 530, 533, 536, 547, 550, 558, 559, 560, 566, 567, 576, 577, 578, 579, 581, 583, 596, 597, 598, 600, 601, 605, 615, 616, 619, 620, 625, 628, 629, 655, 670, 674], "summary": {"covered_lines": 249, "num_statements": 318, "percent_covered": 78.30188679245283, "percent_covered_display": "78", "missing_lines": 69, "excluded_lines": 0, "percent_statements_covered": 78.30188679245283, "percent_statements_covered_display": "78"}, "missing_lines": [45, 89, 127, 130, 132, 136, 140, 157, 161, 212, 213, 227, 230, 235, 236, 237, 238, 239, 246, 249, 269, 270, 272, 314, 315, 316, 317, 318, 319, 324, 325, 326, 331, 332, 346, 347, 353, 378, 381, 421, 436, 437, 438, 439, 440, 441, 442, 538, 541, 544, 551, 552, 553, 554, 555, 556, 561, 562, 563, 568, 569, 570, 571, 603, 621, 622, 623, 671, 675], "excluded_lines": [], "functions": {"_get_company_slug": {"executed_lines": [], "summary": {"covered_lines": 0, "num_statements": 1, "percent_covered": 0.0, "percent_covered_display": "0", "missing_lines": 1, "excluded_lines": 0, "percent_statements_covered": 0.0, "percent_statements_covered_display": "0"}, "missing_lines": [45], "excluded_lines": [], "start_line": 44}, "_get_job_fingerprint": {"executed_lines": [49], "summary": {"covered_lines": 1, "num_statements": 1, "percent_covered": 100.0, "percent_covered_display": "100", "missing_lines": 0, "excluded_lines": 0, "percent_statements_covered": 100.0, "percent_statements_covered_display": "100"}, "missing_lines": [], "excluded_lines": [], "start_line": 48}, "_slugify": {"executed_lines": [54, 55, 56], "summary": {"covered_lines": 3, "num_statements": 3, "percent_covered": 100.0, "percent_covered_display": "100", "missing_lines": 0, "excluded_lines": 0, "percent_statements_covered": 100.0, "percent_statements_covered_display": "100"}, "missing_lines": [], "excluded_lines": [], "start_line": 52}, "_resolve_pattern": {"executed_lines": [61, 62, 68, 69, 70, 71], "summary": {"covered_lines": 6, "num_statements": 6, "percent_covered": 100.0, "percent_covered_display": "100", "missing_lines": 0, "excluded_lines": 0, "percent_statements_covered": 100.0, "percent_statements_covered_display": "100"}, "missing_lines": [], "excluded_lines": [], "start_line": 59}, "_is_safe_path_component": {"executed_lines": [79, 80, 82, 83, 85, 86, 88, 90], "summary": {"covered_lines": 8, "num_statements": 9, "percent_covered": 88.88888888888889, "percent_covered_display": "89", "missing_lines": 1, "excluded_lines": 0, "percent_statements_covered": 88.88888888888889, "percent_statements_covered_display": "89"}, "missing_lines": [89], "excluded_lines": [], "start_line": 77}, "_audit_result_from_dict": {"executed_lines": [94, 102], "summary": {"covered_lines": 2, "num_statements": 2, "percent_covered": 100.0, "percent_covered_display": "100", "missing_lines": 0, "excluded_lines": 0, "percent_statements_covered": 100.0, "percent_statements_covered_display": "100"}, "missing_lines": [], "excluded_lines": [], "start_line": 93}, "_print_report_to_console": {"executed_lines": [112, 113, 114, 115, 116, 119, 120, 124, 125, 126, 129, 131, 135, 139, 145, 146, 147, 150, 151, 152, 153, 155, 156, 159, 160, 163, 165, 166, 167, 169, 170, 171, 173], "summary": {"covered_lines": 33, "num_statements": 40, "percent_covered": 82.5, "percent_covered_display": "82", "missing_lines": 7, "excluded_lines": 0, "percent_statements_covered": 82.5, "percent_statements_covered_display": "82"}, "missing_lines": [127, 130, 132, 136, 140, 157, 161], "excluded_lines": [], "start_line": 111}, "_run_workflow": {"executed_lines": [188, 190, 191, 192, 194, 203, 204, 207, 208, 209, 210, 211, 216, 225, 226, 231, 232, 234, 244, 245, 251, 252, 253, 255, 256, 257, 259, 260, 262, 263, 265, 266, 267, 268, 274], "summary": {"covered_lines": 35, "num_statements": 49, "percent_covered": 71.42857142857143, "percent_covered_display": "71", "missing_lines": 14, "excluded_lines": 0, "percent_statements_covered": 71.42857142857143, "percent_statements_covered_display": "71"}, "missing_lines": [212, 213, 227, 230, 235, 236, 237, 238, 239, 246, 249, 269, 270, 272], "excluded_lines": [], "start_line": 176}, "_tailor_impl": {"executed_lines": [288, 289, 292, 294, 295, 296, 297, 299, 301, 302, 303, 305, 306, 307, 308, 309, 310, 311, 312, 313, 321, 322, 323, 328, 330, 335, 336, 337, 338, 339, 340, 341, 344, 345, 351, 352, 356, 358, 359, 360, 366, 367, 368, 369, 370, 371, 372, 376, 382, 383, 386, 387, 390, 392, 404, 405, 406, 407, 408, 412, 413, 414, 416, 418, 419, 423, 432, 433, 434, 435, 444], "summary": {"covered_lines": 71, "num_statements": 95, "percent_covered": 74.73684210526316, "percent_covered_display": "75", "missing_lines": 24, "excluded_lines": 0, "percent_statements_covered": 74.73684210526316, "percent_statements_covered_display": "75"}, "missing_lines": [314, 315, 316, 317, 318, 319, 324, 325, 326, 331, 332, 346, 347, 353, 378, 381, 421, 436, 437, 438, 439, 440, 441, 442], "excluded_lines": [], "start_line": 277}, "tailor": {"executed_lines": [471], "summary": {"covered_lines": 1, "num_statements": 1, "percent_covered": 100.0, "percent_covered_display": "100", "missing_lines": 0, "excluded_lines": 0, "percent_statements_covered": 100.0, "percent_statements_covered_display": "100"}, "missing_lines": [], "excluded_lines": [], "start_line": 448}, "_re_tailor_impl": {"executed_lines": [497, 499, 500, 501, 503, 504, 505, 506, 508, 513, 514, 515, 516, 517, 520, 521, 523, 524, 525, 526, 527, 528, 530, 533, 536, 547, 550, 558, 559, 560, 566, 567, 576, 577, 578, 579, 581, 583, 596, 597, 598, 600, 601, 605, 615, 616, 619, 620, 625], "summary": {"covered_lines": 49, "num_statements": 69, "percent_covered": 71.01449275362319, "percent_covered_display": "71", "missing_lines": 20, "excluded_lines": 0, "percent_statements_covered": 71.01449275362319, "percent_statements_covered_display": "71"}, "missing_lines": [538, 541, 544, 551, 552, 553, 554, 555, 556, 561, 562, 563, 568, 569, 570, 571, 603, 621, 622, 623], "excluded_lines": [], "start_line": 485}, "re_tailor": {"executed_lines": [655], "summary": {"covered_lines": 1, "num_statements": 1, "percent_covered": 100.0, "percent_covered_display": "100", "missing_lines": 0, "excluded_lines": 0, "percent_statements_covered": 100.0, "percent_statements_covered_display": "100"}, "missing_lines": [], "excluded_lines": [], "start_line": 629}, "run": {"executed_lines": [], "summary": {"covered_lines": 0, "num_statements": 1, "percent_covered": 0.0, "percent_covered_display": "0", "missing_lines": 1, "excluded_lines": 0, "percent_statements_covered": 0.0, "percent_statements_covered_display": "0"}, "missing_lines": [671], "excluded_lines": [], "start_line": 670}, "": {"executed_lines": [3, 4, 5, 6, 7, 8, 9, 11, 12, 13, 15, 16, 17, 18, 25, 26, 30, 36, 37, 39, 40, 41, 44, 48, 52, 59, 74, 77, 93, 111, 176, 277, 447, 448, 485, 628, 629, 670, 674], "summary": {"covered_lines": 39, "num_statements": 40, "percent_covered": 97.5, "percent_covered_display": "98", "missing_lines": 1, "excluded_lines": 0, "percent_statements_covered": 97.5, "percent_statements_covered_display": "98"}, "missing_lines": [675], "excluded_lines": [], "start_line": 1}}, "classes": {"": {"executed_lines": [3, 4, 5, 6, 7, 8, 9, 11, 12, 13, 15, 16, 17, 18, 25, 26, 30, 36, 37, 39, 40, 41, 44, 48, 49, 52, 54, 55, 56, 59, 61, 62, 68, 69, 70, 71, 74, 77, 79, 80, 82, 83, 85, 86, 88, 90, 93, 94, 102, 111, 112, 113, 114, 115, 116, 119, 120, 124, 125, 126, 129, 131, 135, 139, 145, 146, 147, 150, 151, 152, 153, 155, 156, 159, 160, 163, 165, 166, 167, 169, 170, 171, 173, 176, 188, 190, 191, 192, 194, 203, 204, 207, 208, 209, 210, 211, 216, 225, 226, 231, 232, 234, 244, 245, 251, 252, 253, 255, 256, 257, 259, 260, 262, 263, 265, 266, 267, 268, 274, 277, 288, 289, 292, 294, 295, 296, 297, 299, 301, 302, 303, 305, 306, 307, 308, 309, 310, 311, 312, 313, 321, 322, 323, 328, 330, 335, 336, 337, 338, 339, 340, 341, 344, 345, 351, 352, 356, 358, 359, 360, 366, 367, 368, 369, 370, 371, 372, 376, 382, 383, 386, 387, 390, 392, 404, 405, 406, 407, 408, 412, 413, 414, 416, 418, 419, 423, 432, 433, 434, 435, 444, 447, 448, 471, 485, 497, 499, 500, 501, 503, 504, 505, 506, 508, 513, 514, 515, 516, 517, 520, 521, 523, 524, 525, 526, 527, 528, 530, 533, 536, 547, 550, 558, 559, 560, 566, 567, 576, 577, 578, 579, 581, 583, 596, 597, 598, 600, 601, 605, 615, 616, 619, 620, 625, 628, 629, 655, 670, 674], "summary": {"covered_lines": 249, "num_statements": 318, "percent_covered": 78.30188679245283, "percent_covered_display": "78", "missing_lines": 69, "excluded_lines": 0, "percent_statements_covered": 78.30188679245283, "percent_statements_covered_display": "78"}, "missing_lines": [45, 89, 127, 130, 132, 136, 140, 157, 161, 212, 213, 227, 230, 235, 236, 237, 238, 239, 246, 249, 269, 270, 272, 314, 315, 316, 317, 318, 319, 324, 325, 326, 331, 332, 346, 347, 353, 378, 381, 421, 436, 437, 438, 439, 440, 441, 442, 538, 541, 544, 551, 552, 553, 554, 555, 556, 561, 562, 563, 568, 569, 570, 571, 603, 621, 622, 623, 671, 675], "excluded_lines": [], "start_line": 1}}}, "resume_tailorator/memory/__init__.py": {"executed_lines": [3, 11, 13], "summary": {"covered_lines": 3, "num_statements": 3, "percent_covered": 100.0, "percent_covered_display": "100", "missing_lines": 0, "excluded_lines": 0, "percent_statements_covered": 100.0, "percent_statements_covered_display": "100"}, "missing_lines": [], "excluded_lines": [], "functions": {"": {"executed_lines": [3, 11, 13], "summary": {"covered_lines": 3, "num_statements": 3, "percent_covered": 100.0, "percent_covered_display": "100", "missing_lines": 0, "excluded_lines": 0, "percent_statements_covered": 100.0, "percent_statements_covered_display": "100"}, "missing_lines": [], "excluded_lines": [], "start_line": 1}}, "classes": {"": {"executed_lines": [3, 11, 13], "summary": {"covered_lines": 3, "num_statements": 3, "percent_covered": 100.0, "percent_covered_display": "100", "missing_lines": 0, "excluded_lines": 0, "percent_statements_covered": 100.0, "percent_statements_covered_display": "100"}, "missing_lines": [], "excluded_lines": [], "start_line": 1}}}, "resume_tailorator/memory/models.py": {"executed_lines": [3, 5, 7, 10, 14, 18, 19, 20, 21, 22, 23, 24, 25, 28, 35, 36, 37, 38, 39, 40, 42, 43, 44, 45, 46, 47, 48, 49, 52, 53, 54, 55, 56, 57, 58, 59, 60, 61, 62, 64, 65, 66, 67, 68, 69, 70, 73, 76, 77, 78], "summary": {"covered_lines": 50, "num_statements": 50, "percent_covered": 100.0, "percent_covered_display": "100", "missing_lines": 0, "excluded_lines": 0, "percent_statements_covered": 100.0, "percent_statements_covered_display": "100"}, "missing_lines": [], "excluded_lines": [], "functions": {"ParsedOriginalResumeRecord._validate_cv_json": {"executed_lines": [45, 46, 47, 48, 49], "summary": {"covered_lines": 5, "num_statements": 5, "percent_covered": 100.0, "percent_covered_display": "100", "missing_lines": 0, "excluded_lines": 0, "percent_statements_covered": 100.0, "percent_statements_covered_display": "100"}, "missing_lines": [], "excluded_lines": [], "start_line": 44}, "TailoredResumeRecord._validate_json_strings": {"executed_lines": [67, 68, 69, 70, 73], "summary": {"covered_lines": 5, "num_statements": 5, "percent_covered": 100.0, "percent_covered_display": "100", "missing_lines": 0, "excluded_lines": 0, "percent_statements_covered": 100.0, "percent_statements_covered_display": "100"}, "missing_lines": [], "excluded_lines": [], "start_line": 66}, "": {"executed_lines": [3, 5, 7, 10, 14, 18, 19, 20, 21, 22, 23, 24, 25, 28, 35, 36, 37, 38, 39, 40, 42, 43, 44, 52, 53, 54, 55, 56, 57, 58, 59, 60, 61, 62, 64, 65, 66, 76, 77, 78], "summary": {"covered_lines": 40, "num_statements": 40, "percent_covered": 100.0, "percent_covered_display": "100", "missing_lines": 0, "excluded_lines": 0, "percent_statements_covered": 100.0, "percent_statements_covered_display": "100"}, "missing_lines": [], "excluded_lines": [], "start_line": 1}}, "classes": {"ResumeMemoryError": {"executed_lines": [], "summary": {"covered_lines": 0, "num_statements": 0, "percent_covered": 100.0, "percent_covered_display": "100", "missing_lines": 0, "excluded_lines": 0, "percent_statements_covered": 100.0, "percent_statements_covered_display": "100"}, "missing_lines": [], "excluded_lines": [], "start_line": 10}, "MissingOriginalResumeError": {"executed_lines": [], "summary": {"covered_lines": 0, "num_statements": 0, "percent_covered": 100.0, "percent_covered_display": "100", "missing_lines": 0, "excluded_lines": 0, "percent_statements_covered": 100.0, "percent_statements_covered_display": "100"}, "missing_lines": [], "excluded_lines": [], "start_line": 14}, "ResumeSourceRecord": {"executed_lines": [], "summary": {"covered_lines": 0, "num_statements": 0, "percent_covered": 100.0, "percent_covered_display": "100", "missing_lines": 0, "excluded_lines": 0, "percent_statements_covered": 100.0, "percent_statements_covered_display": "100"}, "missing_lines": [], "excluded_lines": [], "start_line": 18}, "ParsedOriginalResumeRecord": {"executed_lines": [45, 46, 47, 48, 49], "summary": {"covered_lines": 5, "num_statements": 5, "percent_covered": 100.0, "percent_covered_display": "100", "missing_lines": 0, "excluded_lines": 0, "percent_statements_covered": 100.0, "percent_statements_covered_display": "100"}, "missing_lines": [], "excluded_lines": [], "start_line": 28}, "TailoredResumeRecord": {"executed_lines": [67, 68, 69, 70, 73], "summary": {"covered_lines": 5, "num_statements": 5, "percent_covered": 100.0, "percent_covered_display": "100", "missing_lines": 0, "excluded_lines": 0, "percent_statements_covered": 100.0, "percent_statements_covered_display": "100"}, "missing_lines": [], "excluded_lines": [], "start_line": 52}, "ResolvedOriginalResume": {"executed_lines": [], "summary": {"covered_lines": 0, "num_statements": 0, "percent_covered": 100.0, "percent_covered_display": "100", "missing_lines": 0, "excluded_lines": 0, "percent_statements_covered": 100.0, "percent_statements_covered_display": "100"}, "missing_lines": [], "excluded_lines": [], "start_line": 76}, "": {"executed_lines": [3, 5, 7, 10, 14, 18, 19, 20, 21, 22, 23, 24, 25, 28, 35, 36, 37, 38, 39, 40, 42, 43, 44, 52, 53, 54, 55, 56, 57, 58, 59, 60, 61, 62, 64, 65, 66, 76, 77, 78], "summary": {"covered_lines": 40, "num_statements": 40, "percent_covered": 100.0, "percent_covered_display": "100", "missing_lines": 0, "excluded_lines": 0, "percent_statements_covered": 100.0, "percent_statements_covered_display": "100"}, "missing_lines": [], "excluded_lines": [], "start_line": 1}}}, "resume_tailorator/memory/parser.py": {"executed_lines": [14, 16, 18, 21, 24, 25, 26, 40, 41, 52, 68, 76, 77, 79, 81, 95, 96, 101, 102, 103, 104, 111, 127, 128, 133, 134, 136, 143, 145, 146, 150, 151], "summary": {"covered_lines": 32, "num_statements": 43, "percent_covered": 74.4186046511628, "percent_covered_display": "74", "missing_lines": 11, "excluded_lines": 0, "percent_statements_covered": 74.4186046511628, "percent_statements_covered_display": "74"}, "missing_lines": [38, 50, 65, 105, 106, 107, 135, 137, 138, 139, 156], "excluded_lines": [], "functions": {"ResumeParserAdapter.parser_version": {"executed_lines": [], "summary": {"covered_lines": 0, "num_statements": 1, "percent_covered": 0.0, "percent_covered_display": "0", "missing_lines": 1, "excluded_lines": 0, "percent_statements_covered": 0.0, "percent_statements_covered_display": "0"}, "missing_lines": [38], "excluded_lines": [], "start_line": 26}, "ResumeParserAdapter.parse": {"executed_lines": [], "summary": {"covered_lines": 0, "num_statements": 1, "percent_covered": 0.0, "percent_covered_display": "0", "missing_lines": 1, "excluded_lines": 0, "percent_statements_covered": 0.0, "percent_statements_covered_display": "0"}, "missing_lines": [50], "excluded_lines": [], "start_line": 41}, "ResumeParserAdapter.aparse": {"executed_lines": [], "summary": {"covered_lines": 0, "num_statements": 1, "percent_covered": 0.0, "percent_covered_display": "0", "missing_lines": 1, "excluded_lines": 0, "percent_statements_covered": 0.0, "percent_statements_covered_display": "0"}, "missing_lines": [65], "excluded_lines": [], "start_line": 52}, "PydanticAIResumeParser.parser_version": {"executed_lines": [79], "summary": {"covered_lines": 1, "num_statements": 1, "percent_covered": 100.0, "percent_covered_display": "100", "missing_lines": 0, "excluded_lines": 0, "percent_statements_covered": 100.0, "percent_statements_covered_display": "100"}, "missing_lines": [], "excluded_lines": [], "start_line": 77}, "PydanticAIResumeParser.parse": {"executed_lines": [95, 96, 101, 102, 103, 104], "summary": {"covered_lines": 6, "num_statements": 9, "percent_covered": 66.66666666666667, "percent_covered_display": "67", "missing_lines": 3, "excluded_lines": 0, "percent_statements_covered": 66.66666666666667, "percent_statements_covered_display": "67"}, "missing_lines": [105, 106, 107], "excluded_lines": [], "start_line": 81}, "PydanticAIResumeParser.aparse": {"executed_lines": [127, 128, 133, 134, 136], "summary": {"covered_lines": 5, "num_statements": 9, "percent_covered": 55.55555555555556, "percent_covered_display": "56", "missing_lines": 4, "excluded_lines": 0, "percent_statements_covered": 55.55555555555556, "percent_statements_covered_display": "56"}, "missing_lines": [135, 137, 138, 139], "excluded_lines": [], "start_line": 111}, "PydanticAIResumeParser._validate_output": {"executed_lines": [145, 146, 150, 151], "summary": {"covered_lines": 4, "num_statements": 5, "percent_covered": 80.0, "percent_covered_display": "80", "missing_lines": 1, "excluded_lines": 0, "percent_statements_covered": 80.0, "percent_statements_covered_display": "80"}, "missing_lines": [156], "excluded_lines": [], "start_line": 143}, "": {"executed_lines": [14, 16, 18, 21, 24, 25, 26, 40, 41, 52, 68, 76, 77, 81, 111, 143], "summary": {"covered_lines": 16, "num_statements": 16, "percent_covered": 100.0, "percent_covered_display": "100", "missing_lines": 0, "excluded_lines": 0, "percent_statements_covered": 100.0, "percent_statements_covered_display": "100"}, "missing_lines": [], "excluded_lines": [], "start_line": 1}}, "classes": {"ResumeParserAdapter": {"executed_lines": [], "summary": {"covered_lines": 0, "num_statements": 3, "percent_covered": 0.0, "percent_covered_display": "0", "missing_lines": 3, "excluded_lines": 0, "percent_statements_covered": 0.0, "percent_statements_covered_display": "0"}, "missing_lines": [38, 50, 65], "excluded_lines": [], "start_line": 21}, "PydanticAIResumeParser": {"executed_lines": [79, 95, 96, 101, 102, 103, 104, 127, 128, 133, 134, 136, 145, 146, 150, 151], "summary": {"covered_lines": 16, "num_statements": 24, "percent_covered": 66.66666666666667, "percent_covered_display": "67", "missing_lines": 8, "excluded_lines": 0, "percent_statements_covered": 66.66666666666667, "percent_statements_covered_display": "67"}, "missing_lines": [105, 106, 107, 135, 137, 138, 139, 156], "excluded_lines": [], "start_line": 68}, "": {"executed_lines": [14, 16, 18, 21, 24, 25, 26, 40, 41, 52, 68, 76, 77, 81, 111, 143], "summary": {"covered_lines": 16, "num_statements": 16, "percent_covered": 100.0, "percent_covered_display": "100", "missing_lines": 0, "excluded_lines": 0, "percent_statements_covered": 100.0, "percent_statements_covered_display": "100"}, "missing_lines": [], "excluded_lines": [], "start_line": 1}}}, "resume_tailorator/memory/repository.py": {"executed_lines": [3, 5, 12, 13, 14, 17, 18, 21, 22, 25, 26, 34, 35, 41, 42, 51, 52, 55, 56, 59, 60, 71, 72, 75, 76], "summary": {"covered_lines": 25, "num_statements": 36, "percent_covered": 69.44444444444444, "percent_covered_display": "69", "missing_lines": 11, "excluded_lines": 0, "percent_statements_covered": 69.44444444444444, "percent_statements_covered_display": "69"}, "missing_lines": [15, 19, 23, 32, 39, 49, 53, 57, 69, 73, 77], "excluded_lines": [], "functions": {"ResumeMemoryRepository.get_active_original_source": {"executed_lines": [], "summary": {"covered_lines": 0, "num_statements": 1, "percent_covered": 0.0, "percent_covered_display": "0", "missing_lines": 1, "excluded_lines": 0, "percent_statements_covered": 0.0, "percent_statements_covered_display": "0"}, "missing_lines": [15], "excluded_lines": [], "start_line": 14}, "ResumeMemoryRepository.get_latest_original_source": {"executed_lines": [], "summary": {"covered_lines": 0, "num_statements": 1, "percent_covered": 0.0, "percent_covered_display": "0", "missing_lines": 1, "excluded_lines": 0, "percent_statements_covered": 0.0, "percent_statements_covered_display": "0"}, "missing_lines": [19], "excluded_lines": [], "start_line": 18}, "ResumeMemoryRepository.get_source_by_path": {"executed_lines": [], "summary": {"covered_lines": 0, "num_statements": 1, "percent_covered": 0.0, "percent_covered_display": "0", "missing_lines": 1, "excluded_lines": 0, "percent_statements_covered": 0.0, "percent_statements_covered_display": "0"}, "missing_lines": [23], "excluded_lines": [], "start_line": 22}, "ResumeMemoryRepository.upsert_original_source": {"executed_lines": [], "summary": {"covered_lines": 0, "num_statements": 1, "percent_covered": 0.0, "percent_covered_display": "0", "missing_lines": 1, "excluded_lines": 0, "percent_statements_covered": 0.0, "percent_statements_covered_display": "0"}, "missing_lines": [32], "excluded_lines": [], "start_line": 26}, "ResumeMemoryRepository.get_parsed_original_resume": {"executed_lines": [], "summary": {"covered_lines": 0, "num_statements": 1, "percent_covered": 0.0, "percent_covered_display": "0", "missing_lines": 1, "excluded_lines": 0, "percent_statements_covered": 0.0, "percent_statements_covered_display": "0"}, "missing_lines": [39], "excluded_lines": [], "start_line": 35}, "ResumeMemoryRepository.save_parsed_original_resume": {"executed_lines": [], "summary": {"covered_lines": 0, "num_statements": 1, "percent_covered": 0.0, "percent_covered_display": "0", "missing_lines": 1, "excluded_lines": 0, "percent_statements_covered": 0.0, "percent_statements_covered_display": "0"}, "missing_lines": [49], "excluded_lines": [], "start_line": 42}, "ResumeMemoryRepository.set_active_original_source": {"executed_lines": [], "summary": {"covered_lines": 0, "num_statements": 1, "percent_covered": 0.0, "percent_covered_display": "0", "missing_lines": 1, "excluded_lines": 0, "percent_statements_covered": 0.0, "percent_statements_covered_display": "0"}, "missing_lines": [53], "excluded_lines": [], "start_line": 52}, "ResumeMemoryRepository.get_source_by_id": {"executed_lines": [], "summary": {"covered_lines": 0, "num_statements": 1, "percent_covered": 0.0, "percent_covered_display": "0", "missing_lines": 1, "excluded_lines": 0, "percent_statements_covered": 0.0, "percent_statements_covered_display": "0"}, "missing_lines": [57], "excluded_lines": [], "start_line": 56}, "ResumeMemoryRepository.save_tailored_resume": {"executed_lines": [], "summary": {"covered_lines": 0, "num_statements": 1, "percent_covered": 0.0, "percent_covered_display": "0", "missing_lines": 1, "excluded_lines": 0, "percent_statements_covered": 0.0, "percent_statements_covered_display": "0"}, "missing_lines": [69], "excluded_lines": [], "start_line": 60}, "ResumeMemoryRepository.get_tailored_resume": {"executed_lines": [], "summary": {"covered_lines": 0, "num_statements": 1, "percent_covered": 0.0, "percent_covered_display": "0", "missing_lines": 1, "excluded_lines": 0, "percent_statements_covered": 0.0, "percent_statements_covered_display": "0"}, "missing_lines": [73], "excluded_lines": [], "start_line": 72}, "ResumeMemoryRepository.get_tailored_resume_by_id": {"executed_lines": [], "summary": {"covered_lines": 0, "num_statements": 1, "percent_covered": 0.0, "percent_covered_display": "0", "missing_lines": 1, "excluded_lines": 0, "percent_statements_covered": 0.0, "percent_statements_covered_display": "0"}, "missing_lines": [77], "excluded_lines": [], "start_line": 76}, "": {"executed_lines": [3, 5, 12, 13, 14, 17, 18, 21, 22, 25, 26, 34, 35, 41, 42, 51, 52, 55, 56, 59, 60, 71, 72, 75, 76], "summary": {"covered_lines": 25, "num_statements": 25, "percent_covered": 100.0, "percent_covered_display": "100", "missing_lines": 0, "excluded_lines": 0, "percent_statements_covered": 100.0, "percent_statements_covered_display": "100"}, "missing_lines": [], "excluded_lines": [], "start_line": 1}}, "classes": {"ResumeMemoryRepository": {"executed_lines": [], "summary": {"covered_lines": 0, "num_statements": 11, "percent_covered": 0.0, "percent_covered_display": "0", "missing_lines": 11, "excluded_lines": 0, "percent_statements_covered": 0.0, "percent_statements_covered_display": "0"}, "missing_lines": [15, 19, 23, 32, 39, 49, 53, 57, 69, 73, 77], "excluded_lines": [], "start_line": 12}, "": {"executed_lines": [3, 5, 12, 13, 14, 17, 18, 21, 22, 25, 26, 34, 35, 41, 42, 51, 52, 55, 56, 59, 60, 71, 72, 75, 76], "summary": {"covered_lines": 25, "num_statements": 25, "percent_covered": 100.0, "percent_covered_display": "100", "missing_lines": 0, "excluded_lines": 0, "percent_statements_covered": 100.0, "percent_statements_covered_display": "100"}, "missing_lines": [], "excluded_lines": [], "start_line": 1}}}, "resume_tailorator/memory/service.py": {"executed_lines": [14, 15, 17, 19, 25, 26, 27, 30, 32, 35, 38, 43, 44, 50, 98, 99, 101, 102, 103, 107, 109, 110, 113, 120, 121, 123, 129, 130, 131, 132, 138, 139, 140, 141, 145, 152, 154, 165, 166, 176, 177, 180, 187, 188, 190, 203, 204, 205, 219, 246], "summary": {"covered_lines": 50, "num_statements": 61, "percent_covered": 81.9672131147541, "percent_covered_display": "82", "missing_lines": 11, "excluded_lines": 0, "percent_statements_covered": 81.9672131147541, "percent_statements_covered_display": "82"}, "missing_lines": [168, 169, 170, 174, 195, 196, 197, 198, 206, 210, 217], "excluded_lines": [], "functions": {"_hash_content": {"executed_lines": [32], "summary": {"covered_lines": 1, "num_statements": 1, "percent_covered": 100.0, "percent_covered_display": "100", "missing_lines": 0, "excluded_lines": 0, "percent_statements_covered": 100.0, "percent_statements_covered_display": "100"}, "missing_lines": [], "excluded_lines": [], "start_line": 30}, "ResumeMemoryService.__init__": {"executed_lines": [43, 44], "summary": {"covered_lines": 2, "num_statements": 2, "percent_covered": 100.0, "percent_covered_display": "100", "missing_lines": 0, "excluded_lines": 0, "percent_statements_covered": 100.0, "percent_statements_covered_display": "100"}, "missing_lines": [], "excluded_lines": [], "start_line": 38}, "ResumeMemoryService.resolve_original_resume": {"executed_lines": [98, 99, 101, 102, 103, 107, 109, 110, 113, 120, 121, 123, 129, 130, 131, 132, 138, 139, 140, 141, 145, 152], "summary": {"covered_lines": 22, "num_statements": 22, "percent_covered": 100.0, "percent_covered_display": "100", "missing_lines": 0, "excluded_lines": 0, "percent_statements_covered": 100.0, "percent_statements_covered_display": "100"}, "missing_lines": [], "excluded_lines": [], "start_line": 50}, "ResumeMemoryService.aresolve_original_resume": {"executed_lines": [165, 166, 176, 177, 180, 187, 188, 190, 203, 204, 205], "summary": {"covered_lines": 11, "num_statements": 22, "percent_covered": 50.0, "percent_covered_display": "50", "missing_lines": 11, "excluded_lines": 0, "percent_statements_covered": 50.0, "percent_statements_covered_display": "50"}, "missing_lines": [168, 169, 170, 174, 195, 196, 197, 198, 206, 210, 217], "excluded_lines": [], "start_line": 154}, "ResumeMemoryService.save_tailored_resume": {"executed_lines": [246], "summary": {"covered_lines": 1, "num_statements": 1, "percent_covered": 100.0, "percent_covered_display": "100", "missing_lines": 0, "excluded_lines": 0, "percent_statements_covered": 100.0, "percent_statements_covered_display": "100"}, "missing_lines": [], "excluded_lines": [], "start_line": 219}, "": {"executed_lines": [14, 15, 17, 19, 25, 26, 27, 30, 35, 38, 50, 154, 219], "summary": {"covered_lines": 13, "num_statements": 13, "percent_covered": 100.0, "percent_covered_display": "100", "missing_lines": 0, "excluded_lines": 0, "percent_statements_covered": 100.0, "percent_statements_covered_display": "100"}, "missing_lines": [], "excluded_lines": [], "start_line": 1}}, "classes": {"ResumeMemoryService": {"executed_lines": [43, 44, 98, 99, 101, 102, 103, 107, 109, 110, 113, 120, 121, 123, 129, 130, 131, 132, 138, 139, 140, 141, 145, 152, 165, 166, 176, 177, 180, 187, 188, 190, 203, 204, 205, 246], "summary": {"covered_lines": 36, "num_statements": 47, "percent_covered": 76.59574468085107, "percent_covered_display": "77", "missing_lines": 11, "excluded_lines": 0, "percent_statements_covered": 76.59574468085107, "percent_statements_covered_display": "77"}, "missing_lines": [168, 169, 170, 174, 195, 196, 197, 198, 206, 210, 217], "excluded_lines": [], "start_line": 35}, "": {"executed_lines": [14, 15, 17, 19, 25, 26, 27, 30, 32, 35, 38, 50, 154, 219], "summary": {"covered_lines": 14, "num_statements": 14, "percent_covered": 100.0, "percent_covered_display": "100", "missing_lines": 0, "excluded_lines": 0, "percent_statements_covered": 100.0, "percent_statements_covered_display": "100"}, "missing_lines": [], "excluded_lines": [], "start_line": 1}}}, "resume_tailorator/memory/sqlite_repository.py": {"executed_lines": [32, 33, 34, 35, 36, 38, 44, 50, 62, 74, 96, 97, 100, 102, 105, 107, 108, 111, 114, 115, 126, 127, 137, 138, 157, 167, 168, 170, 171, 172, 173, 175, 176, 177, 178, 184, 185, 186, 187, 188, 189, 191, 193, 194, 195, 202, 204, 208, 209, 217, 219, 221, 222, 223, 224, 226, 227, 229, 230, 236, 237, 240, 241, 243, 244, 247, 248, 250, 251, 255, 256, 258, 264, 265, 267, 269, 273, 275, 276, 277, 278, 280, 284, 296, 297, 298, 299, 303, 320, 330, 332, 333, 335, 336, 341, 344, 348, 349, 351, 359, 361, 362, 364, 366, 370, 371, 373, 394, 403, 414, 416, 417, 419, 421, 425, 426, 427, 429, 459, 472, 480, 481, 485, 486, 488], "summary": {"covered_lines": 125, "num_statements": 133, "percent_covered": 93.98496240601504, "percent_covered_display": "94", "missing_lines": 8, "excluded_lines": 0, "percent_statements_covered": 93.98496240601504, "percent_statements_covered_display": "94"}, "missing_lines": [110, 198, 473, 477, 478, 489, 493, 494], "excluded_lines": [], "functions": {"_now_utc": {"executed_lines": [97], "summary": {"covered_lines": 1, "num_statements": 1, "percent_covered": 100.0, "percent_covered_display": "100", "missing_lines": 0, "excluded_lines": 0, "percent_statements_covered": 100.0, "percent_statements_covered_display": "100"}, "missing_lines": [], "excluded_lines": [], "start_line": 96}, "_ts": {"executed_lines": [102], "summary": {"covered_lines": 1, "num_statements": 1, "percent_covered": 100.0, "percent_covered_display": "100", "missing_lines": 0, "excluded_lines": 0, "percent_statements_covered": 100.0, "percent_statements_covered_display": "100"}, "missing_lines": [], "excluded_lines": [], "start_line": 100}, "_parse_ts": {"executed_lines": [107, 108, 111], "summary": {"covered_lines": 3, "num_statements": 4, "percent_covered": 75.0, "percent_covered_display": "75", "missing_lines": 1, "excluded_lines": 0, "percent_statements_covered": 75.0, "percent_statements_covered_display": "75"}, "missing_lines": [110], "excluded_lines": [], "start_line": 105}, "_row_to_source": {"executed_lines": [115], "summary": {"covered_lines": 1, "num_statements": 1, "percent_covered": 100.0, "percent_covered_display": "100", "missing_lines": 0, "excluded_lines": 0, "percent_statements_covered": 100.0, "percent_statements_covered_display": "100"}, "missing_lines": [], "excluded_lines": [], "start_line": 114}, "_row_to_parsed": {"executed_lines": [127], "summary": {"covered_lines": 1, "num_statements": 1, "percent_covered": 100.0, "percent_covered_display": "100", "missing_lines": 0, "excluded_lines": 0, "percent_statements_covered": 100.0, "percent_statements_covered_display": "100"}, "missing_lines": [], "excluded_lines": [], "start_line": 126}, "_row_to_tailored": {"executed_lines": [138], "summary": {"covered_lines": 1, "num_statements": 1, "percent_covered": 100.0, "percent_covered_display": "100", "missing_lines": 0, "excluded_lines": 0, "percent_statements_covered": 100.0, "percent_statements_covered_display": "100"}, "missing_lines": [], "excluded_lines": [], "start_line": 137}, "SQLiteResumeMemoryRepository.__init__": {"executed_lines": [168, 170, 171, 172, 173, 175, 176, 177, 178], "summary": {"covered_lines": 9, "num_statements": 9, "percent_covered": 100.0, "percent_covered_display": "100", "missing_lines": 0, "excluded_lines": 0, "percent_statements_covered": 100.0, "percent_statements_covered_display": "100"}, "missing_lines": [], "excluded_lines": [], "start_line": 167}, "SQLiteResumeMemoryRepository._initialise_schema": {"executed_lines": [185, 186, 187, 188, 189], "summary": {"covered_lines": 5, "num_statements": 5, "percent_covered": 100.0, "percent_covered_display": "100", "missing_lines": 0, "excluded_lines": 0, "percent_statements_covered": 100.0, "percent_statements_covered_display": "100"}, "missing_lines": [], "excluded_lines": [], "start_line": 184}, "SQLiteResumeMemoryRepository._migrate_tailored_resumes": {"executed_lines": [193, 194, 195], "summary": {"covered_lines": 3, "num_statements": 4, "percent_covered": 75.0, "percent_covered_display": "75", "missing_lines": 1, "excluded_lines": 0, "percent_statements_covered": 75.0, "percent_statements_covered_display": "75"}, "missing_lines": [198], "excluded_lines": [], "start_line": 191}, "SQLiteResumeMemoryRepository._ensure_source_exists": {"executed_lines": [204, 208, 209], "summary": {"covered_lines": 3, "num_statements": 3, "percent_covered": 100.0, "percent_covered_display": "100", "missing_lines": 0, "excluded_lines": 0, "percent_statements_covered": 100.0, "percent_statements_covered_display": "100"}, "missing_lines": [], "excluded_lines": [], "start_line": 202}, "SQLiteResumeMemoryRepository.close": {"executed_lines": [219], "summary": {"covered_lines": 1, "num_statements": 1, "percent_covered": 100.0, "percent_covered_display": "100", "missing_lines": 0, "excluded_lines": 0, "percent_statements_covered": 100.0, "percent_statements_covered_display": "100"}, "missing_lines": [], "excluded_lines": [], "start_line": 217}, "SQLiteResumeMemoryRepository.__del__": {"executed_lines": [222, 223, 224], "summary": {"covered_lines": 3, "num_statements": 3, "percent_covered": 100.0, "percent_covered_display": "100", "missing_lines": 0, "excluded_lines": 0, "percent_statements_covered": 100.0, "percent_statements_covered_display": "100"}, "missing_lines": [], "excluded_lines": [], "start_line": 221}, "SQLiteResumeMemoryRepository.__enter__": {"executed_lines": [227], "summary": {"covered_lines": 1, "num_statements": 1, "percent_covered": 100.0, "percent_covered_display": "100", "missing_lines": 0, "excluded_lines": 0, "percent_statements_covered": 100.0, "percent_statements_covered_display": "100"}, "missing_lines": [], "excluded_lines": [], "start_line": 226}, "SQLiteResumeMemoryRepository.__exit__": {"executed_lines": [230], "summary": {"covered_lines": 1, "num_statements": 1, "percent_covered": 100.0, "percent_covered_display": "100", "missing_lines": 0, "excluded_lines": 0, "percent_statements_covered": 100.0, "percent_statements_covered_display": "100"}, "missing_lines": [], "excluded_lines": [], "start_line": 229}, "SQLiteResumeMemoryRepository.get_active_original_source": {"executed_lines": [237, 240, 241], "summary": {"covered_lines": 3, "num_statements": 3, "percent_covered": 100.0, "percent_covered_display": "100", "missing_lines": 0, "excluded_lines": 0, "percent_statements_covered": 100.0, "percent_statements_covered_display": "100"}, "missing_lines": [], "excluded_lines": [], "start_line": 236}, "SQLiteResumeMemoryRepository.get_latest_original_source": {"executed_lines": [244, 247, 248], "summary": {"covered_lines": 3, "num_statements": 3, "percent_covered": 100.0, "percent_covered_display": "100", "missing_lines": 0, "excluded_lines": 0, "percent_statements_covered": 100.0, "percent_statements_covered_display": "100"}, "missing_lines": [], "excluded_lines": [], "start_line": 243}, "SQLiteResumeMemoryRepository.get_source_by_path": {"executed_lines": [251, 255, 256], "summary": {"covered_lines": 3, "num_statements": 3, "percent_covered": 100.0, "percent_covered_display": "100", "missing_lines": 0, "excluded_lines": 0, "percent_statements_covered": 100.0, "percent_statements_covered_display": "100"}, "missing_lines": [], "excluded_lines": [], "start_line": 250}, "SQLiteResumeMemoryRepository.upsert_original_source": {"executed_lines": [264, 265, 267, 269, 273, 275, 276, 277, 278, 280, 284, 296, 297, 298, 299, 303, 320], "summary": {"covered_lines": 17, "num_statements": 17, "percent_covered": 100.0, "percent_covered_display": "100", "missing_lines": 0, "excluded_lines": 0, "percent_statements_covered": 100.0, "percent_statements_covered_display": "100"}, "missing_lines": [], "excluded_lines": [], "start_line": 258}, "SQLiteResumeMemoryRepository.set_active_original_source": {"executed_lines": [332, 333, 335, 336], "summary": {"covered_lines": 4, "num_statements": 4, "percent_covered": 100.0, "percent_covered_display": "100", "missing_lines": 0, "excluded_lines": 0, "percent_statements_covered": 100.0, "percent_statements_covered_display": "100"}, "missing_lines": [], "excluded_lines": [], "start_line": 330}, "SQLiteResumeMemoryRepository.get_parsed_original_resume": {"executed_lines": [344, 348, 349], "summary": {"covered_lines": 3, "num_statements": 3, "percent_covered": 100.0, "percent_covered_display": "100", "missing_lines": 0, "excluded_lines": 0, "percent_statements_covered": 100.0, "percent_statements_covered_display": "100"}, "missing_lines": [], "excluded_lines": [], "start_line": 341}, "SQLiteResumeMemoryRepository.save_parsed_original_resume": {"executed_lines": [359, 361, 362, 364, 366, 370, 371, 373, 394], "summary": {"covered_lines": 9, "num_statements": 9, "percent_covered": 100.0, "percent_covered_display": "100", "missing_lines": 0, "excluded_lines": 0, "percent_statements_covered": 100.0, "percent_statements_covered_display": "100"}, "missing_lines": [], "excluded_lines": [], "start_line": 351}, "SQLiteResumeMemoryRepository.save_tailored_resume": {"executed_lines": [414, 416, 417, 419, 421, 425, 426, 427, 429, 459], "summary": {"covered_lines": 10, "num_statements": 10, "percent_covered": 100.0, "percent_covered_display": "100", "missing_lines": 0, "excluded_lines": 0, "percent_statements_covered": 100.0, "percent_statements_covered_display": "100"}, "missing_lines": [], "excluded_lines": [], "start_line": 403}, "SQLiteResumeMemoryRepository.get_source_by_id": {"executed_lines": [], "summary": {"covered_lines": 0, "num_statements": 3, "percent_covered": 0.0, "percent_covered_display": "0", "missing_lines": 3, "excluded_lines": 0, "percent_statements_covered": 0.0, "percent_statements_covered_display": "0"}, "missing_lines": [473, 477, 478], "excluded_lines": [], "start_line": 472}, "SQLiteResumeMemoryRepository.get_tailored_resume": {"executed_lines": [481, 485, 486], "summary": {"covered_lines": 3, "num_statements": 3, "percent_covered": 100.0, "percent_covered_display": "100", "missing_lines": 0, "excluded_lines": 0, "percent_statements_covered": 100.0, "percent_statements_covered_display": "100"}, "missing_lines": [], "excluded_lines": [], "start_line": 480}, "SQLiteResumeMemoryRepository.get_tailored_resume_by_id": {"executed_lines": [], "summary": {"covered_lines": 0, "num_statements": 3, "percent_covered": 0.0, "percent_covered_display": "0", "missing_lines": 3, "excluded_lines": 0, "percent_statements_covered": 0.0, "percent_statements_covered_display": "0"}, "missing_lines": [489, 493, 494], "excluded_lines": [], "start_line": 488}, "": {"executed_lines": [32, 33, 34, 35, 36, 38, 44, 50, 62, 74, 96, 100, 105, 114, 126, 137, 157, 167, 184, 191, 202, 217, 221, 226, 229, 236, 243, 250, 258, 330, 341, 351, 403, 472, 480, 488], "summary": {"covered_lines": 36, "num_statements": 36, "percent_covered": 100.0, "percent_covered_display": "100", "missing_lines": 0, "excluded_lines": 0, "percent_statements_covered": 100.0, "percent_statements_covered_display": "100"}, "missing_lines": [], "excluded_lines": [], "start_line": 1}}, "classes": {"SQLiteResumeMemoryRepository": {"executed_lines": [168, 170, 171, 172, 173, 175, 176, 177, 178, 185, 186, 187, 188, 189, 193, 194, 195, 204, 208, 209, 219, 222, 223, 224, 227, 230, 237, 240, 241, 244, 247, 248, 251, 255, 256, 264, 265, 267, 269, 273, 275, 276, 277, 278, 280, 284, 296, 297, 298, 299, 303, 320, 332, 333, 335, 336, 344, 348, 349, 359, 361, 362, 364, 366, 370, 371, 373, 394, 414, 416, 417, 419, 421, 425, 426, 427, 429, 459, 481, 485, 486], "summary": {"covered_lines": 81, "num_statements": 88, "percent_covered": 92.04545454545455, "percent_covered_display": "92", "missing_lines": 7, "excluded_lines": 0, "percent_statements_covered": 92.04545454545455, "percent_statements_covered_display": "92"}, "missing_lines": [198, 473, 477, 478, 489, 493, 494], "excluded_lines": [], "start_line": 157}, "": {"executed_lines": [32, 33, 34, 35, 36, 38, 44, 50, 62, 74, 96, 97, 100, 102, 105, 107, 108, 111, 114, 115, 126, 127, 137, 138, 157, 167, 184, 191, 202, 217, 221, 226, 229, 236, 243, 250, 258, 330, 341, 351, 403, 472, 480, 488], "summary": {"covered_lines": 44, "num_statements": 45, "percent_covered": 97.77777777777777, "percent_covered_display": "98", "missing_lines": 1, "excluded_lines": 0, "percent_statements_covered": 97.77777777777777, "percent_statements_covered_display": "98"}, "missing_lines": [110], "excluded_lines": [], "start_line": 1}}}, "resume_tailorator/models/__init__.py": {"executed_lines": [], "summary": {"covered_lines": 0, "num_statements": 0, "percent_covered": 100.0, "percent_covered_display": "100", "missing_lines": 0, "excluded_lines": 0, "percent_statements_covered": 100.0, "percent_statements_covered_display": "100"}, "missing_lines": [], "excluded_lines": [], "functions": {"": {"executed_lines": [], "summary": {"covered_lines": 0, "num_statements": 0, "percent_covered": 100.0, "percent_covered_display": "100", "missing_lines": 0, "excluded_lines": 0, "percent_statements_covered": 100.0, "percent_statements_covered_display": "100"}, "missing_lines": [], "excluded_lines": [], "start_line": 1}}, "classes": {"": {"executed_lines": [], "summary": {"covered_lines": 0, "num_statements": 0, "percent_covered": 100.0, "percent_covered_display": "100", "missing_lines": 0, "excluded_lines": 0, "percent_statements_covered": 100.0, "percent_statements_covered_display": "100"}, "missing_lines": [], "excluded_lines": [], "start_line": 1}}}, "resume_tailorator/models/agents/__init__.py": {"executed_lines": [], "summary": {"covered_lines": 0, "num_statements": 0, "percent_covered": 100.0, "percent_covered_display": "100", "missing_lines": 0, "excluded_lines": 0, "percent_statements_covered": 100.0, "percent_statements_covered_display": "100"}, "missing_lines": [], "excluded_lines": [], "functions": {"": {"executed_lines": [], "summary": {"covered_lines": 0, "num_statements": 0, "percent_covered": 100.0, "percent_covered_display": "100", "missing_lines": 0, "excluded_lines": 0, "percent_statements_covered": 100.0, "percent_statements_covered_display": "100"}, "missing_lines": [], "excluded_lines": [], "start_line": 1}}, "classes": {"": {"executed_lines": [], "summary": {"covered_lines": 0, "num_statements": 0, "percent_covered": 100.0, "percent_covered_display": "100", "missing_lines": 0, "excluded_lines": 0, "percent_statements_covered": 100.0, "percent_statements_covered_display": "100"}, "missing_lines": [], "excluded_lines": [], "start_line": 1}}}, "resume_tailorator/models/agents/deps.py": {"executed_lines": [], "summary": {"covered_lines": 0, "num_statements": 4, "percent_covered": 0.0, "percent_covered_display": "0", "missing_lines": 4, "excluded_lines": 0, "percent_statements_covered": 0.0, "percent_statements_covered_display": "0"}, "missing_lines": [1, 4, 5, 6], "excluded_lines": [], "functions": {"": {"executed_lines": [], "summary": {"covered_lines": 0, "num_statements": 4, "percent_covered": 0.0, "percent_covered_display": "0", "missing_lines": 4, "excluded_lines": 0, "percent_statements_covered": 0.0, "percent_statements_covered_display": "0"}, "missing_lines": [1, 4, 5, 6], "excluded_lines": [], "start_line": 1}}, "classes": {"JobContentDeps": {"executed_lines": [], "summary": {"covered_lines": 0, "num_statements": 0, "percent_covered": 100.0, "percent_covered_display": "100", "missing_lines": 0, "excluded_lines": 0, "percent_statements_covered": 100.0, "percent_statements_covered_display": "100"}, "missing_lines": [], "excluded_lines": [], "start_line": 4}, "": {"executed_lines": [], "summary": {"covered_lines": 0, "num_statements": 4, "percent_covered": 0.0, "percent_covered_display": "0", "missing_lines": 4, "excluded_lines": 0, "percent_statements_covered": 0.0, "percent_statements_covered_display": "0"}, "missing_lines": [1, 4, 5, 6], "excluded_lines": [], "start_line": 1}}}, "resume_tailorator/models/agents/output.py": {"executed_lines": [1, 3, 7, 8, 9, 10, 13, 14, 17, 18, 24, 25, 26, 27, 28, 31, 32, 33, 34, 35, 36, 39, 40, 41, 44, 50, 51, 52, 53, 56, 57, 58, 59, 60, 61, 64, 65, 66, 69, 70, 71, 74, 77, 82, 85, 86, 87, 88, 91, 94, 95, 96, 97, 98, 101, 104, 105, 106, 107, 108, 111, 114, 115, 116, 117, 118, 123, 124, 125, 126, 127, 128, 131, 134, 135, 136, 142, 152, 153, 154, 155], "summary": {"covered_lines": 81, "num_statements": 81, "percent_covered": 100.0, "percent_covered_display": "100", "missing_lines": 0, "excluded_lines": 0, "percent_statements_covered": 100.0, "percent_statements_covered_display": "100"}, "missing_lines": [], "excluded_lines": [], "functions": {"": {"executed_lines": [1, 3, 7, 8, 9, 10, 13, 14, 17, 18, 24, 25, 26, 27, 28, 31, 32, 33, 34, 35, 36, 39, 40, 41, 44, 50, 51, 52, 53, 56, 57, 58, 59, 60, 61, 64, 65, 66, 69, 70, 71, 74, 77, 82, 85, 86, 87, 88, 91, 94, 95, 96, 97, 98, 101, 104, 105, 106, 107, 108, 111, 114, 115, 116, 117, 118, 123, 124, 125, 126, 127, 128, 131, 134, 135, 136, 142, 152, 153, 154, 155], "summary": {"covered_lines": 81, "num_statements": 81, "percent_covered": 100.0, "percent_covered_display": "100", "missing_lines": 0, "excluded_lines": 0, "percent_statements_covered": 100.0, "percent_statements_covered_display": "100"}, "missing_lines": [], "excluded_lines": [], "start_line": 1}}, "classes": {"JobAnalysis": {"executed_lines": [], "summary": {"covered_lines": 0, "num_statements": 0, "percent_covered": 100.0, "percent_covered_display": "100", "missing_lines": 0, "excluded_lines": 0, "percent_statements_covered": 100.0, "percent_statements_covered_display": "100"}, "missing_lines": [], "excluded_lines": [], "start_line": 7}, "WorkExperience": {"executed_lines": [], "summary": {"covered_lines": 0, "num_statements": 0, "percent_covered": 100.0, "percent_covered_display": "100", "missing_lines": 0, "excluded_lines": 0, "percent_statements_covered": 100.0, "percent_statements_covered_display": "100"}, "missing_lines": [], "excluded_lines": [], "start_line": 24}, "CV": {"executed_lines": [], "summary": {"covered_lines": 0, "num_statements": 0, "percent_covered": 100.0, "percent_covered_display": "100", "missing_lines": 0, "excluded_lines": 0, "percent_statements_covered": 100.0, "percent_statements_covered_display": "100"}, "missing_lines": [], "excluded_lines": [], "start_line": 31}, "AuditIssue": {"executed_lines": [], "summary": {"covered_lines": 0, "num_statements": 0, "percent_covered": 100.0, "percent_covered_display": "100", "missing_lines": 0, "excluded_lines": 0, "percent_statements_covered": 100.0, "percent_statements_covered_display": "100"}, "missing_lines": [], "excluded_lines": [], "start_line": 50}, "AuditResult": {"executed_lines": [], "summary": {"covered_lines": 0, "num_statements": 0, "percent_covered": 100.0, "percent_covered_display": "100", "missing_lines": 0, "excluded_lines": 0, "percent_statements_covered": 100.0, "percent_statements_covered_display": "100"}, "missing_lines": [], "excluded_lines": [], "start_line": 56}, "CoverLetter": {"executed_lines": [], "summary": {"covered_lines": 0, "num_statements": 0, "percent_covered": 100.0, "percent_covered_display": "100", "missing_lines": 0, "excluded_lines": 0, "percent_statements_covered": 100.0, "percent_statements_covered_display": "100"}, "missing_lines": [], "excluded_lines": [], "start_line": 64}, "ReviewResult": {"executed_lines": [], "summary": {"covered_lines": 0, "num_statements": 0, "percent_covered": 100.0, "percent_covered_display": "100", "missing_lines": 0, "excluded_lines": 0, "percent_statements_covered": 100.0, "percent_statements_covered_display": "100"}, "missing_lines": [], "excluded_lines": [], "start_line": 69}, "ExperienceChange": {"executed_lines": [], "summary": {"covered_lines": 0, "num_statements": 0, "percent_covered": 100.0, "percent_covered_display": "100", "missing_lines": 0, "excluded_lines": 0, "percent_statements_covered": 100.0, "percent_statements_covered_display": "100"}, "missing_lines": [], "excluded_lines": [], "start_line": 82}, "CVDiff": {"executed_lines": [], "summary": {"covered_lines": 0, "num_statements": 0, "percent_covered": 100.0, "percent_covered_display": "100", "missing_lines": 0, "excluded_lines": 0, "percent_statements_covered": 100.0, "percent_statements_covered_display": "100"}, "missing_lines": [], "excluded_lines": [], "start_line": 91}, "GapAnalysis": {"executed_lines": [], "summary": {"covered_lines": 0, "num_statements": 0, "percent_covered": 100.0, "percent_covered_display": "100", "missing_lines": 0, "excluded_lines": 0, "percent_statements_covered": 100.0, "percent_statements_covered_display": "100"}, "missing_lines": [], "excluded_lines": [], "start_line": 101}, "FinalReport": {"executed_lines": [], "summary": {"covered_lines": 0, "num_statements": 0, "percent_covered": 100.0, "percent_covered_display": "100", "missing_lines": 0, "excluded_lines": 0, "percent_statements_covered": 100.0, "percent_statements_covered_display": "100"}, "missing_lines": [], "excluded_lines": [], "start_line": 111}, "QualityCheckResult": {"executed_lines": [], "summary": {"covered_lines": 0, "num_statements": 0, "percent_covered": 100.0, "percent_covered_display": "100", "missing_lines": 0, "excluded_lines": 0, "percent_statements_covered": 100.0, "percent_statements_covered_display": "100"}, "missing_lines": [], "excluded_lines": [], "start_line": 131}, "ScrapedJobPosting": {"executed_lines": [], "summary": {"covered_lines": 0, "num_statements": 0, "percent_covered": 100.0, "percent_covered_display": "100", "missing_lines": 0, "excluded_lines": 0, "percent_statements_covered": 100.0, "percent_statements_covered_display": "100"}, "missing_lines": [], "excluded_lines": [], "start_line": 142}, "": {"executed_lines": [1, 3, 7, 8, 9, 10, 13, 14, 17, 18, 24, 25, 26, 27, 28, 31, 32, 33, 34, 35, 36, 39, 40, 41, 44, 50, 51, 52, 53, 56, 57, 58, 59, 60, 61, 64, 65, 66, 69, 70, 71, 74, 77, 82, 85, 86, 87, 88, 91, 94, 95, 96, 97, 98, 101, 104, 105, 106, 107, 108, 111, 114, 115, 116, 117, 118, 123, 124, 125, 126, 127, 128, 131, 134, 135, 136, 142, 152, 153, 154, 155], "summary": {"covered_lines": 81, "num_statements": 81, "percent_covered": 100.0, "percent_covered_display": "100", "missing_lines": 0, "excluded_lines": 0, "percent_statements_covered": 100.0, "percent_statements_covered_display": "100"}, "missing_lines": [], "excluded_lines": [], "start_line": 1}}}, "resume_tailorator/models/workflow.py": {"executed_lines": [1, 3, 6, 7, 8, 9, 10, 11, 12], "summary": {"covered_lines": 9, "num_statements": 9, "percent_covered": 100.0, "percent_covered_display": "100", "missing_lines": 0, "excluded_lines": 0, "percent_statements_covered": 100.0, "percent_statements_covered_display": "100"}, "missing_lines": [], "excluded_lines": [], "functions": {"": {"executed_lines": [1, 3, 6, 7, 8, 9, 10, 11, 12], "summary": {"covered_lines": 9, "num_statements": 9, "percent_covered": 100.0, "percent_covered_display": "100", "missing_lines": 0, "excluded_lines": 0, "percent_statements_covered": 100.0, "percent_statements_covered_display": "100"}, "missing_lines": [], "excluded_lines": [], "start_line": 1}}, "classes": {"ResumeTailorResult": {"executed_lines": [], "summary": {"covered_lines": 0, "num_statements": 0, "percent_covered": 100.0, "percent_covered_display": "100", "missing_lines": 0, "excluded_lines": 0, "percent_statements_covered": 100.0, "percent_statements_covered_display": "100"}, "missing_lines": [], "excluded_lines": [], "start_line": 6}, "": {"executed_lines": [1, 3, 6, 7, 8, 9, 10, 11, 12], "summary": {"covered_lines": 9, "num_statements": 9, "percent_covered": 100.0, "percent_covered_display": "100", "missing_lines": 0, "excluded_lines": 0, "percent_statements_covered": 100.0, "percent_statements_covered_display": "100"}, "missing_lines": [], "excluded_lines": [], "start_line": 1}}}, "resume_tailorator/tools/__init__.py": {"executed_lines": [], "summary": {"covered_lines": 0, "num_statements": 0, "percent_covered": 100.0, "percent_covered_display": "100", "missing_lines": 0, "excluded_lines": 0, "percent_statements_covered": 100.0, "percent_statements_covered_display": "100"}, "missing_lines": [], "excluded_lines": [], "functions": {"": {"executed_lines": [], "summary": {"covered_lines": 0, "num_statements": 0, "percent_covered": 100.0, "percent_covered_display": "100", "missing_lines": 0, "excluded_lines": 0, "percent_statements_covered": 100.0, "percent_statements_covered_display": "100"}, "missing_lines": [], "excluded_lines": [], "start_line": 1}}, "classes": {"": {"executed_lines": [], "summary": {"covered_lines": 0, "num_statements": 0, "percent_covered": 100.0, "percent_covered_display": "100", "missing_lines": 0, "excluded_lines": 0, "percent_statements_covered": 100.0, "percent_statements_covered_display": "100"}, "missing_lines": [], "excluded_lines": [], "start_line": 1}}}, "resume_tailorator/tools/job_scraper_helpers.py": {"executed_lines": [8, 9, 11, 14, 61, 92, 129, 130, 134, 142, 143, 144, 145, 148, 149, 150, 152, 155, 178, 179, 182, 185, 188, 190, 197], "summary": {"covered_lines": 25, "num_statements": 56, "percent_covered": 44.642857142857146, "percent_covered_display": "45", "missing_lines": 31, "excluded_lines": 0, "percent_statements_covered": 44.642857142857146, "percent_statements_covered_display": "45"}, "missing_lines": [30, 31, 32, 33, 36, 39, 42, 43, 44, 46, 47, 48, 50, 52, 54, 55, 56, 57, 58, 76, 77, 79, 80, 81, 82, 84, 85, 86, 87, 88, 89], "excluded_lines": [], "functions": {"parse_html_with_markitdown": {"executed_lines": [], "summary": {"covered_lines": 0, "num_statements": 19, "percent_covered": 0.0, "percent_covered_display": "0", "missing_lines": 19, "excluded_lines": 0, "percent_statements_covered": 0.0, "percent_statements_covered_display": "0"}, "missing_lines": [30, 31, 32, 33, 36, 39, 42, 43, 44, 46, 47, 48, 50, 52, 54, 55, 56, 57, 58], "excluded_lines": [], "start_line": 14}, "parse_html_with_html2text": {"executed_lines": [], "summary": {"covered_lines": 0, "num_statements": 12, "percent_covered": 0.0, "percent_covered_display": "0", "missing_lines": 12, "excluded_lines": 0, "percent_statements_covered": 0.0, "percent_statements_covered_display": "0"}, "missing_lines": [76, 77, 79, 80, 81, 82, 84, 85, 86, 87, 88, 89], "excluded_lines": [], "start_line": 61}, "detect_placeholder_content": {"executed_lines": [129, 130, 134, 142, 143, 144, 145, 148, 149, 150, 152], "summary": {"covered_lines": 11, "num_statements": 11, "percent_covered": 100.0, "percent_covered_display": "100", "missing_lines": 0, "excluded_lines": 0, "percent_statements_covered": 100.0, "percent_statements_covered_display": "100"}, "missing_lines": [], "excluded_lines": [], "start_line": 92}, "clean_job_posting_markdown": {"executed_lines": [178, 179, 182, 185, 188, 190, 197], "summary": {"covered_lines": 7, "num_statements": 7, "percent_covered": 100.0, "percent_covered_display": "100", "missing_lines": 0, "excluded_lines": 0, "percent_statements_covered": 100.0, "percent_statements_covered_display": "100"}, "missing_lines": [], "excluded_lines": [], "start_line": 155}, "": {"executed_lines": [8, 9, 11, 14, 61, 92, 155], "summary": {"covered_lines": 7, "num_statements": 7, "percent_covered": 100.0, "percent_covered_display": "100", "missing_lines": 0, "excluded_lines": 0, "percent_statements_covered": 100.0, "percent_statements_covered_display": "100"}, "missing_lines": [], "excluded_lines": [], "start_line": 1}}, "classes": {"": {"executed_lines": [8, 9, 11, 14, 61, 92, 129, 130, 134, 142, 143, 144, 145, 148, 149, 150, 152, 155, 178, 179, 182, 185, 188, 190, 197], "summary": {"covered_lines": 25, "num_statements": 56, "percent_covered": 44.642857142857146, "percent_covered_display": "45", "missing_lines": 31, "excluded_lines": 0, "percent_statements_covered": 44.642857142857146, "percent_statements_covered_display": "45"}, "missing_lines": [30, 31, 32, 33, 36, 39, 42, 43, 44, 46, 47, 48, 50, 52, 54, 55, 56, 57, 58, 76, 77, 79, 80, 81, 82, 84, 85, 86, 87, 88, 89], "excluded_lines": [], "start_line": 1}}}, "resume_tailorator/tools/playwright.py": {"executed_lines": [1, 2, 38], "summary": {"covered_lines": 3, "num_statements": 14, "percent_covered": 21.428571428571427, "percent_covered_display": "21", "missing_lines": 11, "excluded_lines": 0, "percent_statements_covered": 21.428571428571427, "percent_statements_covered_display": "21"}, "missing_lines": [42, 43, 44, 45, 46, 48, 49, 50, 51, 52, 53], "excluded_lines": [], "functions": {"read_job_content_file": {"executed_lines": [], "summary": {"covered_lines": 0, "num_statements": 11, "percent_covered": 0.0, "percent_covered_display": "0", "missing_lines": 11, "excluded_lines": 0, "percent_statements_covered": 0.0, "percent_statements_covered_display": "0"}, "missing_lines": [42, 43, 44, 45, 46, 48, 49, 50, 51, 52, 53], "excluded_lines": [], "start_line": 38}, "": {"executed_lines": [1, 2, 38], "summary": {"covered_lines": 3, "num_statements": 3, "percent_covered": 100.0, "percent_covered_display": "100", "missing_lines": 0, "excluded_lines": 0, "percent_statements_covered": 100.0, "percent_statements_covered_display": "100"}, "missing_lines": [], "excluded_lines": [], "start_line": 1}}, "classes": {"": {"executed_lines": [1, 2, 38], "summary": {"covered_lines": 3, "num_statements": 14, "percent_covered": 21.428571428571427, "percent_covered_display": "21", "missing_lines": 11, "excluded_lines": 0, "percent_statements_covered": 21.428571428571427, "percent_statements_covered_display": "21"}, "missing_lines": [42, 43, 44, 45, 46, 48, 49, 50, 51, 52, 53], "excluded_lines": [], "start_line": 1}}}, "resume_tailorator/utils/__init__.py": {"executed_lines": [], "summary": {"covered_lines": 0, "num_statements": 0, "percent_covered": 100.0, "percent_covered_display": "100", "missing_lines": 0, "excluded_lines": 0, "percent_statements_covered": 100.0, "percent_statements_covered_display": "100"}, "missing_lines": [], "excluded_lines": [], "functions": {"": {"executed_lines": [], "summary": {"covered_lines": 0, "num_statements": 0, "percent_covered": 100.0, "percent_covered_display": "100", "missing_lines": 0, "excluded_lines": 0, "percent_statements_covered": 100.0, "percent_statements_covered_display": "100"}, "missing_lines": [], "excluded_lines": [], "start_line": 1}}, "classes": {"": {"executed_lines": [], "summary": {"covered_lines": 0, "num_statements": 0, "percent_covered": 100.0, "percent_covered_display": "100", "missing_lines": 0, "excluded_lines": 0, "percent_statements_covered": 100.0, "percent_statements_covered_display": "100"}, "missing_lines": [], "excluded_lines": [], "start_line": 1}}}, "resume_tailorator/utils/cv_diff.py": {"executed_lines": [6, 8, 17, 27, 30, 31, 32, 35, 36, 38, 39, 41, 42, 43, 44, 45, 46, 47, 48, 49, 51, 52, 55, 58, 62, 63, 64, 65, 68, 69, 71, 72, 73, 74, 75, 79, 84, 85, 94, 95, 97, 106, 123, 126, 129, 134, 135, 144, 146, 147, 149, 150, 151, 153, 155, 156, 158], "summary": {"covered_lines": 57, "num_statements": 59, "percent_covered": 96.61016949152543, "percent_covered_display": "97", "missing_lines": 2, "excluded_lines": 0, "percent_statements_covered": 96.61016949152543, "percent_statements_covered_display": "97"}, "missing_lines": [66, 82], "excluded_lines": [], "functions": {"compute_cv_diff": {"executed_lines": [27, 30, 31, 32, 35, 36, 38, 39, 41, 42, 43, 44, 45, 46, 47, 48, 49, 51, 52, 55, 58, 62, 63, 64, 65, 68, 69, 71, 72, 73, 74, 75, 79, 84, 85, 94, 95, 97], "summary": {"covered_lines": 38, "num_statements": 40, "percent_covered": 95.0, "percent_covered_display": "95", "missing_lines": 2, "excluded_lines": 0, "percent_statements_covered": 95.0, "percent_statements_covered_display": "95"}, "missing_lines": [66, 82], "excluded_lines": [], "start_line": 17}, "compute_gap_analysis": {"executed_lines": [123, 126, 129, 134, 135, 144, 146, 147, 149, 150, 151, 153, 155, 156, 158], "summary": {"covered_lines": 15, "num_statements": 15, "percent_covered": 100.0, "percent_covered_display": "100", "missing_lines": 0, "excluded_lines": 0, "percent_statements_covered": 100.0, "percent_statements_covered_display": "100"}, "missing_lines": [], "excluded_lines": [], "start_line": 106}, "": {"executed_lines": [6, 8, 17, 106], "summary": {"covered_lines": 4, "num_statements": 4, "percent_covered": 100.0, "percent_covered_display": "100", "missing_lines": 0, "excluded_lines": 0, "percent_statements_covered": 100.0, "percent_statements_covered_display": "100"}, "missing_lines": [], "excluded_lines": [], "start_line": 1}}, "classes": {"": {"executed_lines": [6, 8, 17, 27, 30, 31, 32, 35, 36, 38, 39, 41, 42, 43, 44, 45, 46, 47, 48, 49, 51, 52, 55, 58, 62, 63, 64, 65, 68, 69, 71, 72, 73, 74, 75, 79, 84, 85, 94, 95, 97, 106, 123, 126, 129, 134, 135, 144, 146, 147, 149, 150, 151, 153, 155, 156, 158], "summary": {"covered_lines": 57, "num_statements": 59, "percent_covered": 96.61016949152543, "percent_covered_display": "97", "missing_lines": 2, "excluded_lines": 0, "percent_statements_covered": 96.61016949152543, "percent_statements_covered_display": "97"}, "missing_lines": [66, 82], "excluded_lines": [], "start_line": 1}}}, "resume_tailorator/utils/markdown_writer.py": {"executed_lines": [1, 2, 4, 5, 6, 9, 115, 124, 126, 127, 128, 130, 133, 134, 135, 136, 139, 140, 141, 142, 145, 146, 149, 153, 157, 166, 167, 170, 171, 172, 173, 174, 175, 176, 180, 181, 182, 183, 184, 185, 186, 189, 190, 191, 192, 202, 203, 204, 207, 208, 211, 212, 213, 215], "summary": {"covered_lines": 54, "num_statements": 137, "percent_covered": 39.416058394160586, "percent_covered_display": "39", "missing_lines": 83, "excluded_lines": 0, "percent_statements_covered": 39.416058394160586, "percent_statements_covered_display": "39"}, "missing_lines": [23, 25, 26, 27, 28, 31, 32, 33, 36, 39, 41, 42, 43, 45, 47, 48, 49, 51, 52, 53, 54, 56, 57, 58, 61, 62, 63, 65, 66, 67, 69, 70, 71, 72, 74, 75, 76, 77, 79, 82, 83, 86, 89, 90, 92, 93, 94, 95, 96, 97, 98, 99, 100, 101, 102, 103, 104, 105, 106, 108, 112, 143, 147, 148, 150, 151, 152, 154, 155, 156, 158, 163, 164, 165, 178, 179, 194, 195, 196, 197, 198, 199, 205], "excluded_lines": [], "functions": {"generate_resume": {"executed_lines": [], "summary": {"covered_lines": 0, "num_statements": 61, "percent_covered": 0.0, "percent_covered_display": "0", "missing_lines": 61, "excluded_lines": 0, "percent_statements_covered": 0.0, "percent_statements_covered_display": "0"}, "missing_lines": [23, 25, 26, 27, 28, 31, 32, 33, 36, 39, 41, 42, 43, 45, 47, 48, 49, 51, 52, 53, 54, 56, 57, 58, 61, 62, 63, 65, 66, 67, 69, 70, 71, 72, 74, 75, 76, 77, 79, 82, 83, 86, 89, 90, 92, 93, 94, 95, 96, 97, 98, 99, 100, 101, 102, 103, 104, 105, 106, 108, 112], "excluded_lines": [], "start_line": 9}, "generate_report_markdown": {"executed_lines": [124, 126, 127, 128, 130, 133, 134, 135, 136, 139, 140, 141, 142, 145, 146, 149, 153, 157, 166, 167, 170, 171, 172, 173, 174, 175, 176, 180, 181, 182, 183, 184, 185, 186, 189, 190, 191, 192, 202, 203, 204, 207, 208, 211, 212, 213, 215], "summary": {"covered_lines": 47, "num_statements": 69, "percent_covered": 68.1159420289855, "percent_covered_display": "68", "missing_lines": 22, "excluded_lines": 0, "percent_statements_covered": 68.1159420289855, "percent_statements_covered_display": "68"}, "missing_lines": [143, 147, 148, 150, 151, 152, 154, 155, 156, 158, 163, 164, 165, 178, 179, 194, 195, 196, 197, 198, 199, 205], "excluded_lines": [], "start_line": 115}, "": {"executed_lines": [1, 2, 4, 5, 6, 9, 115], "summary": {"covered_lines": 7, "num_statements": 7, "percent_covered": 100.0, "percent_covered_display": "100", "missing_lines": 0, "excluded_lines": 0, "percent_statements_covered": 100.0, "percent_statements_covered_display": "100"}, "missing_lines": [], "excluded_lines": [], "start_line": 1}}, "classes": {"": {"executed_lines": [1, 2, 4, 5, 6, 9, 115, 124, 126, 127, 128, 130, 133, 134, 135, 136, 139, 140, 141, 142, 145, 146, 149, 153, 157, 166, 167, 170, 171, 172, 173, 174, 175, 176, 180, 181, 182, 183, 184, 185, 186, 189, 190, 191, 192, 202, 203, 204, 207, 208, 211, 212, 213, 215], "summary": {"covered_lines": 54, "num_statements": 137, "percent_covered": 39.416058394160586, "percent_covered_display": "39", "missing_lines": 83, "excluded_lines": 0, "percent_statements_covered": 39.416058394160586, "percent_statements_covered_display": "39"}, "missing_lines": [23, 25, 26, 27, 28, 31, 32, 33, 36, 39, 41, 42, 43, 45, 47, 48, 49, 51, 52, 53, 54, 56, 57, 58, 61, 62, 63, 65, 66, 67, 69, 70, 71, 72, 74, 75, 76, 77, 79, 82, 83, 86, 89, 90, 92, 93, 94, 95, 96, 97, 98, 99, 100, 101, 102, 103, 104, 105, 106, 108, 112, 143, 147, 148, 150, 151, 152, 154, 155, 156, 158, 163, 164, 165, 178, 179, 194, 195, 196, 197, 198, 199, 205], "excluded_lines": [], "start_line": 1}}}, "resume_tailorator/utils/pdf_converter.py": {"executed_lines": [1, 4, 16, 19, 22], "summary": {"covered_lines": 5, "num_statements": 5, "percent_covered": 100.0, "percent_covered_display": "100", "missing_lines": 0, "excluded_lines": 0, "percent_statements_covered": 100.0, "percent_statements_covered_display": "100"}, "missing_lines": [], "excluded_lines": [], "functions": {"markdown_to_pdf": {"executed_lines": [16, 19, 22], "summary": {"covered_lines": 3, "num_statements": 3, "percent_covered": 100.0, "percent_covered_display": "100", "missing_lines": 0, "excluded_lines": 0, "percent_statements_covered": 100.0, "percent_statements_covered_display": "100"}, "missing_lines": [], "excluded_lines": [], "start_line": 4}, "": {"executed_lines": [1, 4], "summary": {"covered_lines": 2, "num_statements": 2, "percent_covered": 100.0, "percent_covered_display": "100", "missing_lines": 0, "excluded_lines": 0, "percent_statements_covered": 100.0, "percent_statements_covered_display": "100"}, "missing_lines": [], "excluded_lines": [], "start_line": 1}}, "classes": {"": {"executed_lines": [1, 4, 16, 19, 22], "summary": {"covered_lines": 5, "num_statements": 5, "percent_covered": 100.0, "percent_covered_display": "100", "missing_lines": 0, "excluded_lines": 0, "percent_statements_covered": 100.0, "percent_statements_covered_display": "100"}, "missing_lines": [], "excluded_lines": [], "start_line": 1}}}, "resume_tailorator/utils/resume_converter.py": {"executed_lines": [3, 5, 6, 7, 15, 19, 23, 27, 31, 35, 39, 43, 52, 54, 55, 57, 58, 61, 62, 65, 77, 78, 79, 80, 81, 82, 83, 85, 86, 94, 95, 105, 108, 109, 110, 113, 114, 118, 120, 121, 122, 123, 124, 128, 129, 132, 135, 138, 139, 141, 142, 143, 144, 148, 150, 151, 152, 153, 154, 158, 162, 170, 173, 174, 179, 181, 182, 183, 184, 187, 189, 191, 192, 193, 194, 195, 196, 197, 198, 199, 202, 210, 216, 217, 218, 219, 220, 221, 222], "summary": {"covered_lines": 89, "num_statements": 94, "percent_covered": 94.68085106382979, "percent_covered_display": "95", "missing_lines": 5, "excluded_lines": 4, "percent_statements_covered": 94.68085106382979, "percent_statements_covered_display": "95"}, "missing_lines": [125, 126, 155, 156, 159], "excluded_lines": [97, 98, 99, 100], "functions": {"_is_section_header": {"executed_lines": [54, 55, 57, 58, 61, 62], "summary": {"covered_lines": 6, "num_statements": 6, "percent_covered": 100.0, "percent_covered_display": "100", "missing_lines": 0, "excluded_lines": 0, "percent_statements_covered": 100.0, "percent_statements_covered_display": "100"}, "missing_lines": [], "excluded_lines": [], "start_line": 52}, "_normalize_markdown_headings": {"executed_lines": [77, 78, 79, 80, 81, 82, 83, 85, 86], "summary": {"covered_lines": 9, "num_statements": 9, "percent_covered": 100.0, "percent_covered_display": "100", "missing_lines": 0, "excluded_lines": 0, "percent_statements_covered": 100.0, "percent_statements_covered_display": "100"}, "missing_lines": [], "excluded_lines": [], "start_line": 65}, "ResumeConverterProtocol.convert": {"executed_lines": [], "summary": {"covered_lines": 0, "num_statements": 0, "percent_covered": 100.0, "percent_covered_display": "100", "missing_lines": 0, "excluded_lines": 1, "percent_statements_covered": 100.0, "percent_statements_covered_display": "100"}, "missing_lines": [], "excluded_lines": [97], "start_line": 95}, "DocxInputConverter.convert": {"executed_lines": [109, 110, 113, 114, 118, 120, 121, 122, 123, 124, 128, 129, 132], "summary": {"covered_lines": 13, "num_statements": 15, "percent_covered": 86.66666666666667, "percent_covered_display": "87", "missing_lines": 2, "excluded_lines": 0, "percent_statements_covered": 86.66666666666667, "percent_statements_covered_display": "87"}, "missing_lines": [125, 126], "excluded_lines": [], "start_line": 108}, "PdfInputConverter.convert": {"executed_lines": [139, 141, 142, 143, 144, 148, 150, 151, 152, 153, 154, 158, 162], "summary": {"covered_lines": 13, "num_statements": 16, "percent_covered": 81.25, "percent_covered_display": "81", "missing_lines": 3, "excluded_lines": 0, "percent_statements_covered": 81.25, "percent_statements_covered_display": "81"}, "missing_lines": [155, 156, 159], "excluded_lines": [], "start_line": 138}, "InputConverterRegistry.__init__": {"executed_lines": [174], "summary": {"covered_lines": 1, "num_statements": 1, "percent_covered": 100.0, "percent_covered_display": "100", "missing_lines": 0, "excluded_lines": 0, "percent_statements_covered": 100.0, "percent_statements_covered_display": "100"}, "missing_lines": [], "excluded_lines": [], "start_line": 173}, "InputConverterRegistry.get": {"executed_lines": [181, 182, 183, 184, 187], "summary": {"covered_lines": 5, "num_statements": 5, "percent_covered": 100.0, "percent_covered_display": "100", "missing_lines": 0, "excluded_lines": 0, "percent_statements_covered": 100.0, "percent_statements_covered_display": "100"}, "missing_lines": [], "excluded_lines": [], "start_line": 179}, "InputConverterRegistry.convert_and_save": {"executed_lines": [191, 192, 193, 194, 195, 196, 197, 198, 199, 202], "summary": {"covered_lines": 10, "num_statements": 10, "percent_covered": 100.0, "percent_covered_display": "100", "missing_lines": 0, "excluded_lines": 0, "percent_statements_covered": 100.0, "percent_statements_covered_display": "100"}, "missing_lines": [], "excluded_lines": [], "start_line": 189}, "auto_detect_resume": {"executed_lines": [216, 217, 218, 219, 220, 221, 222], "summary": {"covered_lines": 7, "num_statements": 7, "percent_covered": 100.0, "percent_covered_display": "100", "missing_lines": 0, "excluded_lines": 0, "percent_statements_covered": 100.0, "percent_statements_covered_display": "100"}, "missing_lines": [], "excluded_lines": [], "start_line": 210}, "": {"executed_lines": [3, 5, 6, 7, 15, 19, 23, 27, 31, 35, 39, 43, 52, 65, 94, 95, 105, 108, 135, 138, 170, 173, 179, 189, 210], "summary": {"covered_lines": 25, "num_statements": 25, "percent_covered": 100.0, "percent_covered_display": "100", "missing_lines": 0, "excluded_lines": 3, "percent_statements_covered": 100.0, "percent_statements_covered_display": "100"}, "missing_lines": [], "excluded_lines": [98, 99, 100], "start_line": 1}}, "classes": {"ResumeConverterError": {"executed_lines": [], "summary": {"covered_lines": 0, "num_statements": 0, "percent_covered": 100.0, "percent_covered_display": "100", "missing_lines": 0, "excluded_lines": 0, "percent_statements_covered": 100.0, "percent_statements_covered_display": "100"}, "missing_lines": [], "excluded_lines": [], "start_line": 15}, "ResumeFileNotFoundError": {"executed_lines": [], "summary": {"covered_lines": 0, "num_statements": 0, "percent_covered": 100.0, "percent_covered_display": "100", "missing_lines": 0, "excluded_lines": 0, "percent_statements_covered": 100.0, "percent_statements_covered_display": "100"}, "missing_lines": [], "excluded_lines": [], "start_line": 19}, "UnsupportedFormatError": {"executed_lines": [], "summary": {"covered_lines": 0, "num_statements": 0, "percent_covered": 100.0, "percent_covered_display": "100", "missing_lines": 0, "excluded_lines": 0, "percent_statements_covered": 100.0, "percent_statements_covered_display": "100"}, "missing_lines": [], "excluded_lines": [], "start_line": 23}, "ConversionFailedError": {"executed_lines": [], "summary": {"covered_lines": 0, "num_statements": 0, "percent_covered": 100.0, "percent_covered_display": "100", "missing_lines": 0, "excluded_lines": 0, "percent_statements_covered": 100.0, "percent_statements_covered_display": "100"}, "missing_lines": [], "excluded_lines": [], "start_line": 27}, "EmptyConversionResultError": {"executed_lines": [], "summary": {"covered_lines": 0, "num_statements": 0, "percent_covered": 100.0, "percent_covered_display": "100", "missing_lines": 0, "excluded_lines": 0, "percent_statements_covered": 100.0, "percent_statements_covered_display": "100"}, "missing_lines": [], "excluded_lines": [], "start_line": 31}, "NoResumeFileFoundError": {"executed_lines": [], "summary": {"covered_lines": 0, "num_statements": 0, "percent_covered": 100.0, "percent_covered_display": "100", "missing_lines": 0, "excluded_lines": 0, "percent_statements_covered": 100.0, "percent_statements_covered_display": "100"}, "missing_lines": [], "excluded_lines": [], "start_line": 35}, "OutputConversionFailedError": {"executed_lines": [], "summary": {"covered_lines": 0, "num_statements": 0, "percent_covered": 100.0, "percent_covered_display": "100", "missing_lines": 0, "excluded_lines": 0, "percent_statements_covered": 100.0, "percent_statements_covered_display": "100"}, "missing_lines": [], "excluded_lines": [], "start_line": 39}, "UnsupportedOutputFormatError": {"executed_lines": [], "summary": {"covered_lines": 0, "num_statements": 0, "percent_covered": 100.0, "percent_covered_display": "100", "missing_lines": 0, "excluded_lines": 0, "percent_statements_covered": 100.0, "percent_statements_covered_display": "100"}, "missing_lines": [], "excluded_lines": [], "start_line": 43}, "ResumeConverterProtocol": {"executed_lines": [], "summary": {"covered_lines": 0, "num_statements": 0, "percent_covered": 100.0, "percent_covered_display": "100", "missing_lines": 0, "excluded_lines": 1, "percent_statements_covered": 100.0, "percent_statements_covered_display": "100"}, "missing_lines": [], "excluded_lines": [97], "start_line": 94}, "DocxInputConverter": {"executed_lines": [109, 110, 113, 114, 118, 120, 121, 122, 123, 124, 128, 129, 132], "summary": {"covered_lines": 13, "num_statements": 15, "percent_covered": 86.66666666666667, "percent_covered_display": "87", "missing_lines": 2, "excluded_lines": 0, "percent_statements_covered": 86.66666666666667, "percent_statements_covered_display": "87"}, "missing_lines": [125, 126], "excluded_lines": [], "start_line": 105}, "PdfInputConverter": {"executed_lines": [139, 141, 142, 143, 144, 148, 150, 151, 152, 153, 154, 158, 162], "summary": {"covered_lines": 13, "num_statements": 16, "percent_covered": 81.25, "percent_covered_display": "81", "missing_lines": 3, "excluded_lines": 0, "percent_statements_covered": 81.25, "percent_statements_covered_display": "81"}, "missing_lines": [155, 156, 159], "excluded_lines": [], "start_line": 135}, "InputConverterRegistry": {"executed_lines": [174, 181, 182, 183, 184, 187, 191, 192, 193, 194, 195, 196, 197, 198, 199, 202], "summary": {"covered_lines": 16, "num_statements": 16, "percent_covered": 100.0, "percent_covered_display": "100", "missing_lines": 0, "excluded_lines": 0, "percent_statements_covered": 100.0, "percent_statements_covered_display": "100"}, "missing_lines": [], "excluded_lines": [], "start_line": 170}, "": {"executed_lines": [3, 5, 6, 7, 15, 19, 23, 27, 31, 35, 39, 43, 52, 54, 55, 57, 58, 61, 62, 65, 77, 78, 79, 80, 81, 82, 83, 85, 86, 94, 95, 105, 108, 135, 138, 170, 173, 179, 189, 210, 216, 217, 218, 219, 220, 221, 222], "summary": {"covered_lines": 47, "num_statements": 47, "percent_covered": 100.0, "percent_covered_display": "100", "missing_lines": 0, "excluded_lines": 3, "percent_statements_covered": 100.0, "percent_statements_covered_display": "100"}, "missing_lines": [], "excluded_lines": [98, 99, 100], "start_line": 1}}}, "resume_tailorator/utils/resume_output_converter.py": {"executed_lines": [3, 5, 6, 7, 9, 10, 21, 30, 31, 32, 33, 36, 38, 39, 40, 42, 44, 45, 46, 48, 49, 50, 54, 55, 56, 58, 59, 60, 62, 63, 64, 65, 67, 68, 69, 70, 72, 73, 74, 75, 77, 85, 88, 98, 101, 102, 103, 104, 105, 107, 108, 113, 116, 117, 118, 120, 121, 128, 131, 132, 133, 135, 136, 137, 138, 139, 140, 141, 143, 144, 145, 146, 147, 148, 160, 163, 164, 170, 176, 177, 178, 179, 182, 184, 192, 193, 194, 195, 196, 197, 198], "summary": {"covered_lines": 91, "num_statements": 101, "percent_covered": 90.0990099009901, "percent_covered_display": "90", "missing_lines": 10, "excluded_
[...]
Converter": {"executed_lines": [102, 103, 104, 105, 107, 108], "summary": {"covered_lines": 6, "num_statements": 7, "percent_covered": 85.71428571428571, "percent_covered_display": "86", "missing_lines": 1, "excluded_lines": 0, "percent_statements_covered": 85.71428571428571, "percent_statements_covered_display": "86"}, "missing_lines": [106], "excluded_lines": [], "start_line": 98}, "PdfOutputConverter": {"executed_lines": [117, 118, 120, 121], "summary": {"covered_lines": 4, "num_statements": 8, "percent_covered": 50.0, "percent_covered_display": "50", "missing_lines": 4, "excluded_lines": 0, "percent_statements_covered": 50.0, "percent_statements_covered_display": "50"}, "missing_lines": [122, 123, 124, 125], "excluded_lines": [], "start_line": 113}, "DocxOutputConverter": {"executed_lines": [132, 133, 135, 136, 137, 138, 139, 140, 141, 143, 144, 145, 146, 147, 148], "summary": {"covered_lines": 15, "num_statements": 20, "percent_covered": 75.0, "percent_covered_display": "75", "missing_lines": 5, "excluded_lines": 0, "percent_statements_covered": 75.0, "percent_statements_covered_display": "75"}, "missing_lines": [142, 149, 150, 151, 152], "excluded_lines": [], "start_line": 128}, "OutputConverterRegistry": {"executed_lines": [164, 176, 177, 178, 179, 182, 192, 193, 194, 195, 196, 197, 198], "summary": {"covered_lines": 13, "num_statements": 13, "percent_covered": 100.0, "percent_covered_display": "100", "missing_lines": 0, "excluded_lines": 0, "percent_statements_covered": 100.0, "percent_statements_covered_display": "100"}, "missing_lines": [], "excluded_lines": [], "start_line": 160}, "": {"executed_lines": [3, 5, 6, 7, 9, 10, 21, 30, 31, 32, 33, 36, 38, 39, 40, 42, 44, 45, 46, 48, 49, 50, 54, 55, 56, 58, 59, 60, 62, 63, 64, 65, 67, 68, 69, 70, 72, 73, 74, 75, 77, 85, 88, 98, 101, 113, 116, 128, 131, 160, 163, 170, 184], "summary": {"covered_lines": 53, "num_statements": 53, "percent_covered": 100.0, "percent_covered_display": "100", "missing_lines": 0, "excluded_lines": 3, "percent_statements_covered": 100.0, "percent_statements_covered_display": "100"}, "missing_lines": [], "excluded_lines": [91, 92, 93], "start_line": 1}}}, "resume_tailorator/utils/validate_inputs.py": {"executed_lines": [], "summary": {"covered_lines": 0, "num_statements": 59, "percent_covered": 0.0, "percent_covered_display": "0", "missing_lines": 59, "excluded_lines": 0, "percent_statements_covered": 0.0, "percent_statements_covered_display": "0"}, "missing_lines": [1, 2, 3, 4, 6, 9, 10, 11, 12, 14, 15, 17, 18, 19, 21, 22, 23, 24, 25, 27, 30, 42, 43, 45, 46, 48, 51, 52, 55, 66, 73, 75, 76, 78, 81, 88, 95, 98, 100, 101, 102, 103, 104, 105, 106, 107, 108, 110, 111, 113, 114, 115, 116, 118, 119, 121, 124, 127, 128], "excluded_lines": [], "functions": {"validate_file": {"executed_lines": [], "summary": {"covered_lines": 0, "num_statements": 14, "percent_covered": 0.0, "percent_covered_display": "0", "missing_lines": 14, "excluded_lines": 0, "percent_statements_covered": 0.0, "percent_statements_covered_display": "0"}, "missing_lines": [10, 11, 12, 14, 15, 17, 18, 19, 21, 22, 23, 24, 25, 27], "excluded_lines": [], "start_line": 9}, "validate_job_url": {"executed_lines": [], "summary": {"covered_lines": 0, "num_statements": 5, "percent_covered": 0.0, "percent_covered_display": "0", "missing_lines": 5, "excluded_lines": 0, "percent_statements_covered": 0.0, "percent_statements_covered_display": "0"}, "missing_lines": [42, 43, 45, 46, 48], "excluded_lines": [], "start_line": 30}, "main": {"executed_lines": [], "summary": {"covered_lines": 0, "num_statements": 30, "percent_covered": 0.0, "percent_covered_display": "0", "missing_lines": 30, "excluded_lines": 0, "percent_statements_covered": 0.0, "percent_statements_covered_display": "0"}, "missing_lines": [52, 55, 66, 73, 75, 76, 78, 81, 88, 95, 98, 100, 101, 102, 103, 104, 105, 106, 107, 108, 110, 111, 113, 114, 115, 116, 118, 119, 121, 124], "excluded_lines": [], "start_line": 51}, "": {"executed_lines": [], "summary": {"covered_lines": 0, "num_statements": 10, "percent_covered": 0.0, "percent_covered_display": "0", "missing_lines": 10, "excluded_lines": 0, "percent_statements_covered": 0.0, "percent_statements_covered_display": "0"}, "missing_lines": [1, 2, 3, 4, 6, 9, 30, 51, 127, 128], "excluded_lines": [], "start_line": 1}}, "classes": {"": {"executed_lines": [], "summary": {"covered_lines": 0, "num_statements": 59, "percent_covered": 0.0, "percent_covered_display": "0", "missing_lines": 59, "excluded_lines": 0, "percent_statements_covered": 0.0, "percent_statements_covered_display": "0"}, "missing_lines": [1, 2, 3, 4, 6, 9, 10, 11, 12, 14, 15, 17, 18, 19, 21, 22, 23, 24, 25, 27, 30, 42, 43, 45, 46, 48, 51, 52, 55, 66, 73, 75, 76, 78, 81, 88, 95, 98, 100, 101, 102, 103, 104, 105, 106, 107, 108, 110, 111, 113, 114, 115, 116, 118, 119, 121, 124, 127, 128], "excluded_lines": [], "start_line": 1}}}, "resume_tailorator/workflows/__init__.py": {"executed_lines": [1, 2, 4, 5, 6, 8, 9, 10, 11, 29, 30, 31, 32, 35, 44, 45, 46, 48, 50, 51, 52, 53, 54, 55, 57, 59, 60, 62, 64, 65, 66, 67, 68, 76, 77, 78, 79, 80, 83, 84, 86, 109, 113, 115, 116, 118, 121, 122, 123, 125, 134, 135, 136, 137, 146, 149, 153, 176, 177, 180, 182, 183, 184, 188, 191, 192, 195, 197, 198, 205, 206, 207, 208, 209, 218, 220, 223, 227, 233, 244, 245, 246, 247, 248, 250, 251, 254, 256, 257, 260, 261, 263, 266, 267, 268, 269, 270, 272, 273, 274, 277, 278, 279, 321, 322, 330, 343, 349, 350, 353, 354, 355, 359, 368, 369, 377, 379, 383, 385, 386, 388, 433, 436, 437, 444, 445, 451, 452, 469, 470, 478, 491, 502, 503, 504, 505, 506, 516, 517, 518, 520, 523, 524, 525, 526, 528, 529, 530, 531, 533, 534, 543, 544, 545, 546, 548, 551, 559, 560, 562, 570, 596, 597, 598, 601, 602, 605, 624], "summary": {"covered_lines": 168, "num_statements": 261, "percent_covered": 64.36781609195403, "percent_covered_display": "64", "missing_lines": 93, "excluded_lines": 0, "percent_statements_covered": 64.36781609195403, "percent_statements_covered_display": "64"}, "missing_lines": [110, 111, 126, 127, 128, 129, 147, 155, 159, 160, 161, 164, 165, 166, 167, 170, 171, 172, 173, 174, 178, 179, 196, 200, 201, 221, 229, 234, 235, 238, 239, 240, 241, 252, 253, 290, 291, 297, 331, 332, 333, 336, 338, 341, 344, 345, 346, 347, 380, 381, 392, 394, 398, 418, 426, 427, 428, 430, 431, 434, 439, 440, 441, 479, 480, 481, 484, 486, 489, 492, 493, 494, 495, 496, 498, 499, 500, 508, 509, 510, 512, 513, 521, 535, 536, 537, 538, 539, 540, 578, 580, 593, 594], "excluded_lines": [], "functions": {"ResumeTailorWorkflow.__init__": {"executed_lines": [45, 46], "summary": {"covered_lines": 2, "num_statements": 2, "percent_covered": 100.0, "percent_covered_display": "100", "missing_lines": 0, "excluded_lines": 0, "percent_statements_covered": 100.0, "percent_statements_covered_display": "100"}, "missing_lines": [], "excluded_lines": [], "start_line": 44}, "ResumeTailorWorkflow._set_stage": {"executed_lines": [50, 51, 52, 53, 54, 55], "summary": {"covered_lines": 6, "num_statements": 6, "percent_covered": 100.0, "percent_covered_display": "100", "missing_lines": 0, "excluded_lines": 0, "percent_statements_covered": 100.0, "percent_statements_covered_display": "100"}, "missing_lines": [], "excluded_lines": [], "start_line": 48}, "ResumeTailorWorkflow._complete_stage": {"executed_lines": [59, 60], "summary": {"covered_lines": 2, "num_statements": 2, "percent_covered": 100.0, "percent_covered_display": "100", "missing_lines": 0, "excluded_lines": 0, "percent_statements_covered": 100.0, "percent_statements_covered_display": "100"}, "missing_lines": [], "excluded_lines": [], "start_line": 57}, "ResumeTailorWorkflow._print_pipeline_status": {"executed_lines": [64, 65, 66, 67, 68, 76, 77, 78, 79, 80, 83, 84], "summary": {"covered_lines": 12, "num_statements": 12, "percent_covered": 100.0, "percent_covered_display": "100", "missing_lines": 0, "excluded_lines": 0, "percent_statements_covered": 100.0, "percent_statements_covered_display": "100"}, "missing_lines": [], "excluded_lines": [], "start_line": 62}, "ResumeTailorWorkflow.run": {"executed_lines": [109, 113, 115, 116, 118, 121, 122, 123, 125, 134, 135, 136, 137, 146, 149, 153, 176, 177, 180, 182, 183, 184, 188, 191, 192, 195, 197, 198, 205, 206, 207, 208, 209, 218, 220, 223, 227, 233, 244, 245, 246, 247, 248, 250, 251, 254, 256, 257, 260, 261, 263, 266, 267, 268, 269, 270, 272, 273, 274, 277, 278, 279, 321, 322, 330, 343, 349, 350, 353, 354, 355, 359, 368, 369, 377, 379, 383, 385, 386, 388, 433, 436, 437, 444, 445, 451, 452, 469, 470, 478, 491, 502, 503, 504, 505, 506, 516, 517, 518, 520, 523, 524, 525, 526, 528, 529, 530, 531, 533, 534, 543, 544, 545, 546, 548, 551, 559, 560, 562, 570, 596, 597, 598, 601, 602, 605, 624], "summary": {"covered_lines": 127, "num_statements": 220, "percent_covered": 57.72727272727273, "percent_covered_display": "58", "missing_lines": 93, "excluded_lines": 0, "percent_statements_covered": 57.72727272727273, "percent_statements_covered_display": "58"}, "missing_lines": [110, 111, 126, 127, 128, 129, 147, 155, 159, 160, 161, 164, 165, 166, 167, 170, 171, 172, 173, 174, 178, 179, 196, 200, 201, 221, 229, 234, 235, 238, 239, 240, 241, 252, 253, 290, 291, 297, 331, 332, 333, 336, 338, 341, 344, 345, 346, 347, 380, 381, 392, 394, 398, 418, 426, 427, 428, 430, 431, 434, 439, 440, 441, 479, 480, 481, 484, 486, 489, 492, 493, 494, 495, 496, 498, 499, 500, 508, 509, 510, 512, 513, 521, 535, 536, 537, 538, 539, 540, 578, 580, 593, 594], "excluded_lines": [], "start_line": 86}, "": {"executed_lines": [1, 2, 4, 5, 6, 8, 9, 10, 11, 29, 30, 31, 32, 35, 44, 48, 57, 62, 86], "summary": {"covered_lines": 19, "num_statements": 19, "percent_covered": 100.0, "percent_covered_display": "100", "missing_lines": 0, "excluded_lines": 0, "percent_statements_covered": 100.0, "percent_statements_covered_display": "100"}, "missing_lines": [], "excluded_lines": [], "start_line": 1}}, "classes": {"ResumeTailorWorkflow": {"executed_lines": [45, 46, 50, 51, 52, 53, 54, 55, 59, 60, 64, 65, 66, 67, 68, 76, 77, 78, 79, 80, 83, 84, 109, 113, 115, 116, 118, 121, 122, 123, 125, 134, 135, 136, 137, 146, 149, 153, 176, 177, 180, 182, 183, 184, 188, 191, 192, 195, 197, 198, 205, 206, 207, 208, 209, 218, 220, 223, 227, 233, 244, 245, 246, 247, 248, 250, 251, 254, 256, 257, 260, 261, 263, 266, 267, 268, 269, 270, 272, 273, 274, 277, 278, 279, 321, 322, 330, 343, 349, 350, 353, 354, 355, 359, 368, 369, 377, 379, 383, 385, 386, 388, 433, 436, 437, 444, 445, 451, 452, 469, 470, 478, 491, 502, 503, 504, 505, 506, 516, 517, 518, 520, 523, 524, 525, 526, 528, 529, 530, 531, 533, 534, 543, 544, 545, 546, 548, 551, 559, 560, 562, 570, 596, 597, 598, 601, 602, 605, 624], "summary": {"covered_lines": 149, "num_statements": 242, "percent_covered": 61.570247933884296, "percent_covered_display": "62", "missing_lines": 93, "excluded_lines": 0, "percent_statements_covered": 61.570247933884296, "percent_statements_covered_display": "62"}, "missing_lines": [110, 111, 126, 127, 128, 129, 147, 155, 159, 160, 161, 164, 165, 166, 167, 170, 171, 172, 173, 174, 178, 179, 196, 200, 201, 221, 229, 234, 235, 238, 239, 240, 241, 252, 253, 290, 291, 297, 331, 332, 333, 336, 338, 341, 344, 345, 346, 347, 380, 381, 392, 394, 398, 418, 426, 427, 428, 430, 431, 434, 439, 440, 441, 479, 480, 481, 484, 486, 489, 492, 493, 494, 495, 496, 498, 499, 500, 508, 509, 510, 512, 513, 521, 535, 536, 537, 538, 539, 540, 578, 580, 593, 594], "excluded_lines": [], "start_line": 29}, "": {"executed_lines": [1, 2, 4, 5, 6, 8, 9, 10, 11, 29, 30, 31, 32, 35, 44, 48, 57, 62, 86], "summary": {"covered_lines": 19, "num_statements": 19, "percent_covered": 100.0, "percent_covered_display": "100", "missing_lines": 0, "excluded_lines": 0, "percent_statements_covered": 100.0, "percent_statements_covered_display": "100"}, "missing_lines": [], "excluded_lines": [], "start_line": 1}}}, "resume_tailorator/workflows/agents.py": {"executed_lines": [1, 2, 3, 5, 6, 13, 14, 15, 16, 17, 19, 28, 29, 33, 34, 37, 47, 48, 50, 51, 53, 57, 58, 59, 77, 79, 81, 83, 85, 87, 88, 93, 96, 99, 102, 103, 106, 107, 108, 109, 110, 112, 113, 116, 118, 121, 127, 133, 134, 138, 158, 174, 189, 214, 240, 287, 321, 366, 422, 423, 425, 426, 434, 435, 436, 440, 443, 444, 446, 447, 455, 456, 457, 461, 466, 474, 475, 477, 499, 500, 570, 571, 589, 595, 596, 597, 598, 601, 602, 603, 606, 609, 610, 611, 614, 617, 618, 622, 628, 631, 634, 635, 637, 638, 646, 647, 648, 652, 655, 656, 658, 659, 667, 668, 669, 673, 676, 677, 679, 680, 688, 689, 690, 694], "summary": {"covered_lines": 124, "num_statements": 164, "percent_covered": 75.60975609756098, "percent_covered_display": "76", "missing_lines": 40, "excluded_lines": 0, "percent_statements_covered": 75.60975609756098, "percent_statements_covered_display": "76"}, "missing_lines": [62, 63, 64, 65, 66, 69, 70, 80, 84, 86, 124, 130, 516, 518, 520, 522, 523, 525, 526, 528, 529, 530, 533, 535, 537, 540, 543, 545, 548, 550, 551, 552, 555, 558, 560, 561, 562, 563, 564, 567], "excluded_lines": [], "functions": {"run_agent": {"executed_lines": [47, 48, 50, 51, 53, 57, 58, 59, 77, 79, 81, 83, 85, 87, 88, 93, 96], "summary": {"covered_lines": 17, "num_statements": 27, "percent_covered": 62.96296296296296, "percent_covered_display": "63", "missing_lines": 10, "excluded_lines": 0, "percent_statements_covered": 62.96296296296296, "percent_statements_covered_display": "63"}, "missing_lines": [62, 63, 64, 65, 66, 69, 70, 80, 84, 86], "excluded_lines": [], "start_line": 37}, "get_model": {"executed_lines": [118], "summary": {"covered_lines": 1, "num_statements": 1, "percent_covered": 100.0, "percent_covered_display": "100", "missing_lines": 0, "excluded_lines": 0, "percent_statements_covered": 100.0, "percent_statements_covered_display": "100"}, "missing_lines": [], "excluded_lines": [], "start_line": 116}, "set_model": {"executed_lines": [], "summary": {"covered_lines": 0, "num_statements": 1, "percent_covered": 0.0, "percent_covered_display": "0", "missing_lines": 1, "excluded_lines": 0, "percent_statements_covered": 0.0, "percent_statements_covered_display": "0"}, "missing_lines": [124], "excluded_lines": [], "start_line": 121}, "reset_model": {"executed_lines": [], "summary": {"covered_lines": 0, "num_statements": 1, "percent_covered": 0.0, "percent_covered_display": "0", "missing_lines": 1, "excluded_lines": 0, "percent_statements_covered": 0.0, "percent_statements_covered_display": "0"}, "missing_lines": [130], "excluded_lines": [], "start_line": 127}, "_validate_resume_parser": {"executed_lines": [425, 426, 434, 435, 436, 440], "summary": {"covered_lines": 6, "num_statements": 6, "percent_covered": 100.0, "percent_covered_display": "100", "missing_lines": 0, "excluded_lines": 0, "percent_statements_covered": 100.0, "percent_statements_covered_display": "100"}, "missing_lines": [], "excluded_lines": [], "start_line": 423}, "_validate_auditor": {"executed_lines": [446, 447, 455, 456, 457, 461], "summary": {"covered_lines": 6, "num_statements": 6, "percent_covered": 100.0, "percent_covered_display": "100", "missing_lines": 0, "excluded_lines": 0, "percent_statements_covered": 100.0, "percent_statements_covered_display": "100"}, "missing_lines": [], "excluded_lines": [], "start_line": 444}, "build_scraper_instructions": {"executed_lines": [477], "summary": {"covered_lines": 1, "num_statements": 1, "percent_covered": 100.0, "percent_covered_display": "100", "missing_lines": 0, "excluded_lines": 0, "percent_statements_covered": 100.0, "percent_statements_covered_display": "100"}, "missing_lines": [], "excluded_lines": [], "start_line": 475}, "fetch_webpage": {"executed_lines": [], "summary": {"covered_lines": 0, "num_statements": 28, "percent_covered": 0.0, "percent_covered_display": "0", "missing_lines": 28, "excluded_lines": 0, "percent_statements_covered": 0.0, "percent_statements_covered_display": "0"}, "missing_lines": [516, 518, 520, 522, 523, 525, 526, 528, 529, 530, 533, 535, 537, 540, 543, 545, 548, 550, 551, 552, 555, 558, 560, 561, 562, 563, 564, 567], "excluded_lines": [], "start_line": 500}, "validate_extraction": {"executed_lines": [589, 595, 596, 597, 598, 601, 602, 603, 606, 609, 610, 611, 614, 617, 618, 622, 628, 631], "summary": {"covered_lines": 18, "num_statements": 18, "percent_covered": 100.0, "percent_covered_display": "100", "missing_lines": 0, "excluded_lines": 0, "percent_statements_covered": 100.0, "percent_statements_covered_display": "100"}, "missing_lines": [], "excluded_lines": [], "start_line": 571}, "_validate_cover_letter_writer": {"executed_lines": [637, 638, 646, 647, 648, 652], "summary": {"covered_lines": 6, "num_statements": 6, "percent_covered": 100.0, "percent_covered_display": "100", "missing_lines": 0, "excluded_lines": 0, "percent_statements_covered": 100.0, "percent_statements_covered_display": "100"}, "missing_lines": [], "excluded_lines": [], "start_line": 635}, "_validate_analyst": {"executed_lines": [658, 659, 667, 668, 669, 673], "summary": {"covered_lines": 6, "num_statements": 6, "percent_covered": 100.0, "percent_covered_display": "100", "missing_lines": 0, "excluded_lines": 0, "percent_statements_covered": 100.0, "percent_statements_covered_display": "100"}, "missing_lines": [], "excluded_lines": [], "start_line": 656}, "_validate_writer": {"executed_lines": [679, 680, 688, 689, 690, 694], "summary": {"covered_lines": 6, "num_statements": 6, "percent_covered": 100.0, "percent_covered_display": "100", "missing_lines": 0, "excluded_lines": 0, "percent_statements_covered": 100.0, "percent_statements_covered_display": "100"}, "missing_lines": [], "excluded_lines": [], "start_line": 677}, "": {"executed_lines": [1, 2, 3, 5, 6, 13, 14, 15, 16, 17, 19, 28, 29, 33, 34, 37, 99, 102, 103, 106, 107, 108, 109, 110, 112, 113, 116, 121, 127, 133, 134, 138, 158, 174, 189, 214, 240, 287, 321, 366, 422, 423, 443, 444, 466, 474, 475, 499, 500, 570, 571, 634, 635, 655, 656, 676, 677], "summary": {"covered_lines": 57, "num_statements": 57, "percent_covered": 100.0, "percent_covered_display": "100", "missing_lines": 0, "excluded_lines": 0, "percent_statements_covered": 100.0, "percent_statements_covered_display": "100"}, "missing_lines": [], "excluded_lines": [], "start_line": 1}}, "classes": {"_QualityState": {"executed_lines": [], "summary": {"covered_lines": 0, "num_statements": 0, "percent_covered": 100.0, "percent_covered_display": "100", "missing_lines": 0, "excluded_lines": 0, "percent_statements_covered": 100.0, "percent_statements_covered_display": "100"}, "missing_lines": [], "excluded_lines": [], "start_line": 99}, "": {"executed_lines": [1, 2, 3, 5, 6, 13, 14, 15, 16, 17, 19, 28, 29, 33, 34, 37, 47, 48, 50, 51, 53, 57, 58, 59, 77, 79, 81, 83, 85, 87, 88, 93, 96, 99, 102, 103, 106, 107, 108, 109, 110, 112, 113, 116, 118, 121, 127, 133, 134, 138, 158, 174, 189, 214, 240, 287, 321, 366, 422, 423, 425, 426, 434, 435, 436, 440, 443, 444, 446, 447, 455, 456, 457, 461, 466, 474, 475, 477, 499, 500, 570, 571, 589, 595, 596, 597, 598, 601, 602, 603, 606, 609, 610, 611, 614, 617, 618, 622, 628, 631, 634, 635, 637, 638, 646, 647, 648, 652, 655, 656, 658, 659, 667, 668, 669, 673, 676, 677, 679, 680, 688, 689, 690, 694], "summary": {"covered_lines": 124, "num_statements": 164, "percent_covered": 75.60975609756098, "percent_covered_display": "76", "missing_lines": 40, "excluded_lines": 0, "percent_statements_covered": 75.60975609756098, "percent_statements_covered_display": "76"}, "missing_lines": [62, 63, 64, 65, 66, 69, 70, 80, 84, 86, 124, 130, 516, 518, 520, 522, 523, 525, 526, 528, 529, 530, 533, 535, 537, 540, 543, 545, 548, 550, 551, 552, 555, 558, 560, 561, 562, 563, 564, 567], "excluded_lines": [], "start_line": 1}}}}, "totals": {"covered_lines": 1240, "num_statements": 1691, "percent_covered": 73.32939089296275, "percent_covered_display": "73", "missing_lines": 451, "excluded_lines": 8, "percent_statements_covered": 73.32939089296275, "percent_statements_covered_display": "73"}}